This file contains any messages produced by compilers while
running configure, to aid debugging if configure makes a mistake.

It was created by configure, which was
generated by GNU Autoconf 2.59.  Invocation command line was

  $ ./configure --prefix=/home/valentin/github/icaro-bloques/firmware/puf-1.1/tools --disable-z80-port --disable-mcs51-port --disable-gbz80-port --disable-avr-port --disable-ds390-port --disable-ds400-port --disable-pic-port --disable-xa51-port --disable-hc08-port --disable-ucsim --prefix=/home/valentin/github/icaro-bloques/firmware/puf-1.1/tools --cache-file=/dev/null --srcdir=.

## --------- ##
## Platform. ##
## --------- ##

hostname = localhost.localdomain
uname -m = x86_64
uname -r = 3.4.6-2.fc17.x86_64
uname -s = Linux
uname -v = #1 SMP Thu Jul 19 22:54:16 UTC 2012

/usr/bin/uname -p = x86_64
/bin/uname -X     = unknown

/bin/arch              = x86_64
/usr/bin/arch -k       = unknown
/usr/convex/getsysinfo = unknown
hostinfo               = unknown
/bin/machine           = unknown
/usr/bin/oslevel       = unknown
/bin/universe          = unknown

PATH: /home/valentin/github/icaro-bloques/firmware/puf-1.1/tools/bin
PATH: /usr/lib64/qt-3.3/bin
PATH: /usr/local/bin
PATH: /usr/bin
PATH: /bin
PATH: /usr/local/sbin
PATH: /usr/sbin
PATH: /usr/lib64/alliance/bin
PATH: /usr/libexec/sdcc
PATH: /home/valentin/.local/bin
PATH: /home/valentin/bin
PATH: /usr/lib64/alliance/bin
PATH: /usr/libexec/sdcc


## ----------- ##
## Core tests. ##
## ----------- ##

configure:1224: checking for gpasm
configure:1240: found /home/valentin/github/icaro-bloques/firmware/puf-1.1/tools/bin/gpasm
configure:1251: result: gpasm
configure:1260: checking for gplink
configure:1276: found /home/valentin/github/icaro-bloques/firmware/puf-1.1/tools/bin/gplink
configure:1287: result: gplink
configure:1296: checking for gplib
configure:1312: found /home/valentin/github/icaro-bloques/firmware/puf-1.1/tools/bin/gplib
configure:1323: result: gplib
configure:1333: checking for rm
configure:1349: found /usr/bin/rm
configure:1360: result: rm -f
configure:1369: checking for cp
configure:1385: found /usr/bin/cp
configure:1396: result: cp
configure:1405: checking for mv
configure:1421: found /usr/bin/mv
configure:1432: result: mv
configure:1441: checking for ls
configure:1457: found /usr/bin/ls
configure:1468: result: ls
configure:1477: checking for sed
configure:1493: found /usr/bin/sed
configure:1504: result: sed
configure:1511: checking for egrep
configure:1521: result: grep -E
configure:1528: checking for mkdir
configure:1544: found /usr/bin/mkdir
configure:1555: result: mkdir -p
configure:1564: checking for rmdir
configure:1580: found /usr/bin/rmdir
configure:1591: result: rmdir
configure:1599: checking whether make sets $(MAKE)
configure:1619: result: yes
configure:1767: creating ./config.status

## ---------------------- ##
## Running config.status. ##
## ---------------------- ##

This file was extended by config.status, which was
generated by GNU Autoconf 2.59.  Invocation command line was

  CONFIG_FILES    = 
  CONFIG_HEADERS  = 
  CONFIG_LINKS    = 
  CONFIG_COMMANDS = 
  $ ./config.status 

on localhost.localdomain

config.status:662: creating Makefile
config.status:662: creating Makefile.common
config.status:662: creating debug/Makefile
config.status:662: creating debug/gstack/Makefile
config.status:662: creating libc/Makefile
config.status:662: creating libc/ctype/Makefile
config.status:662: creating libc/delay/Makefile
config.status:662: creating libc/stdio/Makefile
config.status:662: creating libc/stdlib/Makefile
config.status:662: creating libc/string/Makefile
config.status:662: creating libc/utils/Makefile
config.status:662: creating libdev/Makefile
config.status:662: creating libio/Makefile
config.status:662: creating libio/adc/Makefile
config.status:662: creating libio/i2c/Makefile
config.status:662: creating libio/usart/Makefile
config.status:662: creating libm/Makefile
config.status:662: creating libsdcc/Makefile
config.status:662: creating libsdcc/char/Makefile
config.status:662: creating libsdcc/fixed16x16/Makefile
config.status:662: creating libsdcc/float/Makefile
config.status:662: creating libsdcc/gptr/Makefile
config.status:662: creating libsdcc/int/Makefile
config.status:662: creating libsdcc/long/Makefile
config.status:662: creating libsdcc/lregs/Makefile
config.status:662: creating libsdcc/stack/Makefile
config.status:662: creating startup/Makefile

## ---------------- ##
## Cache variables. ##
## ---------------- ##

ac_cv_env_build_alias_set=
ac_cv_env_build_alias_value=
ac_cv_env_host_alias_set=
ac_cv_env_host_alias_value=
ac_cv_env_target_alias_set=
ac_cv_env_target_alias_value=
ac_cv_prog_CP=cp
ac_cv_prog_GPASM=gpasm
ac_cv_prog_GPLIB=gplib
ac_cv_prog_GPLINK=gplink
ac_cv_prog_LS=ls
ac_cv_prog_MKDIR='mkdir -p'
ac_cv_prog_MV=mv
ac_cv_prog_RM='rm -f'
ac_cv_prog_RMDIR=rmdir
ac_cv_prog_SED=sed
ac_cv_prog_egrep='grep -E'
ac_cv_prog_make_make_set=yes

## ----------------- ##
## Output variables. ##
## ----------------- ##

CP='cp'
DEFS='-DPACKAGE_NAME=\"\" -DPACKAGE_TARNAME=\"\" -DPACKAGE_VERSION=\"\" -DPACKAGE_STRING=\"\" -DPACKAGE_BUGREPORT=\"\" '
ECHO_C=''
ECHO_N='-n'
ECHO_T=''
EGREP='grep -E'
GPASM='gpasm'
GPLIB='gplib'
GPLINK='gplink'
LIBOBJS=''
LIBS=''
LS='ls'
LTLIBOBJS=''
MKDIR='mkdir -p'
MV='mv'
PACKAGE_BUGREPORT=''
PACKAGE_NAME=''
PACKAGE_STRING=''
PACKAGE_TARNAME=''
PACKAGE_VERSION=''
PATH_SEPARATOR=':'
RM='rm -f'
RMDIR='rmdir'
SED='sed'
SET_MAKE=''
SHELL='/bin/sh'
bindir='${exec_prefix}/bin'
build_alias=''
datadir='${prefix}/share'
exec_prefix='${prefix}'
host_alias=''
includedir='${prefix}/include'
infodir='${prefix}/info'
libdir='${exec_prefix}/lib'
libexecdir='${exec_prefix}/libexec'
localstatedir='${prefix}/var'
mandir='${prefix}/man'
oldincludedir='/usr/include'
prefix='/home/valentin/github/icaro-bloques/firmware/puf-1.1/tools'
program_transform_name='s,x,x,'
sbindir='${exec_prefix}/sbin'
sharedstatedir='${prefix}/com'
sysconfdir='${prefix}/etc'
target_alias=''

## ----------- ##
## confdefs.h. ##
## ----------- ##

#define PACKAGE_BUGREPORT ""
#define PACKAGE_NAME ""
#define PACKAGE_STRING ""
#define PACKAGE_TARNAME ""
#define PACKAGE_VERSION ""

configure: exit 0
