eeschema (2011-07-12 BZR 3047)-stable  >> Creation date: Mon 30 Jan 2012 19:11:47 ART

#Cmp ( order = Reference )
| C1         C           
| C2         CP          
| C3         C           
| C4         C           
| C5         C           
| C6         CP          
| C7         C           
| C8         CP          
| D1         LED         
| D10        DIODE       
| J1         USB_2       
| K1         CONN_3      
| K2         CONN_3      
| P1         CONN_8      
| P2         CONN_2      
| P3         CONN_5      
| P4         CONN_5      
| P5         CONN_2      
| P6         CONN_5      
| P7         CONN_2      
| P8         CONN_2      
| P9         CONN_2      
| P10        CONN_2      
| P11        CONN_2      
| P12        CONN_4      
| P13        CONN_4      
| R1         R           
| R2         R           
| R3         R           
| R4         R           
| R5         R           
| R6         R           
| SW1        SW_PUSH     
| U1         PIC18F4550  
| U2         L293D       
| U3         LM7805      
| X1         CRYSTAL     
#End Cmp

#Cmp ( order = Value )
| C            C1        
| C            C3        
| C            C4        
| C            C5        
| C            C7        
| CONN_2       P2        
| CONN_2       P5        
| CONN_2       P7        
| CONN_2       P8        
| CONN_2       P9        
| CONN_2       P10       
| CONN_2       P11       
| CONN_3       K1        
| CONN_3       K2        
| CONN_4       P12       
| CONN_4       P13       
| CONN_5       P3        
| CONN_5       P4        
| CONN_5       P6        
| CONN_8       P1        
| CP           C2        
| CP           C6        
| CP           C8        
| CRYSTAL      X1        
| DIODE        D10       
| L293D        U2        
| LED          D1        
| LM7805       U3        
| PIC18F4550   U1        
| R            R1        
| R            R2        
| R            R3        
| R            R4        
| R            R5        
| R            R6        
| SW_PUSH      SW1       
| USB_2        J1        
#End Cmp

#End List
