gpasm-0.13.4 beta               picon.asm   7-27-2012  21:33:24          PAGE  1


LOC  OBJECT CODE     LINE SOURCE TEXT
  VALUE
 
               00001 ;--------------------------------------------------------
               00002 ; File Created by SDCC : FreeWare ANSI-C Compiler
               00003 ; Version 2.6.1 #4482 (Jul 27 2012)
               00004 ; This file generated Fri Jul 27 21:33:24 2012
               00005 ;--------------------------------------------------------
               00006 ; PIC16 port for the Microchip 16-bit core micros
               00007 ;--------------------------------------------------------
               00008         list    p=18f4550
               00009 
               00010         radix dec
               00011 
               00012 ;--------------------------------------------------------
               00013 ; public variables in this module
               00014 ;--------------------------------------------------------
               00015         global _picon_init
               00016         global _prepare_in
               00017         global _picon_in
               00018         global _putchar
               00019         global _prepare_next_packet
               00020 
               00021 ;--------------------------------------------------------
               00022 ; extern variables in this module
               00023 ;--------------------------------------------------------
               00024         extern __gptrput1
               00025         extern _ep_bdt
               00026         extern _usb_device_state
               00027         extern _usb_active_cfg
               00028         extern _usb_active_alt_setting
               00029         extern _SPPDATAbits
               00030         extern _SPPCFGbits
               00031         extern _SPPEPSbits
               00032         extern _SPPCONbits
               00033         extern _UFRMLbits
               00034         extern _UFRMHbits
               00035         extern _UIRbits
               00036         extern _UIEbits
               00037         extern _UEIRbits
               00038         extern _UEIEbits
               00039         extern _USTATbits
               00040         extern _UCONbits
               00041         extern _UADDRbits
               00042         extern _UCFGbits
               00043         extern _UEP0bits
               00044         extern _UEP1bits
               00045         extern _UEP2bits
               00046         extern _UEP3bits
               00047         extern _UEP4bits
               00048         extern _UEP5bits
               00049         extern _UEP6bits
               00050         extern _UEP7bits
               00051         extern _UEP8bits
               00052         extern _UEP9bits
               00053         extern _UEP10bits
               00054         extern _UEP11bits
gpasm-0.13.4 beta               picon.asm   7-27-2012  21:33:24          PAGE  2


LOC  OBJECT CODE     LINE SOURCE TEXT
  VALUE
 
               00055         extern _UEP12bits
               00056         extern _UEP13bits
               00057         extern _UEP14bits
               00058         extern _UEP15bits
               00059         extern _PORTAbits
               00060         extern _PORTBbits
               00061         extern _PORTCbits
               00062         extern _PORTDbits
               00063         extern _PORTEbits
               00064         extern _LATAbits
               00065         extern _LATBbits
               00066         extern _LATCbits
               00067         extern _LATDbits
               00068         extern _LATEbits
               00069         extern _TRISAbits
               00070         extern _TRISBbits
               00071         extern _TRISCbits
               00072         extern _TRISDbits
               00073         extern _TRISEbits
               00074         extern _OSCTUNEbits
               00075         extern _PIE1bits
               00076         extern _PIR1bits
               00077         extern _IPR1bits
               00078         extern _PIE2bits
               00079         extern _PIR2bits
               00080         extern _IPR2bits
               00081         extern _EECON1bits
               00082         extern _RCSTAbits
               00083         extern _TXSTAbits
               00084         extern _T3CONbits
               00085         extern _CMCONbits
               00086         extern _CVRCONbits
               00087         extern _ECCP1ASbits
               00088         extern _ECCP1DELbits
               00089         extern _BAUDCONbits
               00090         extern _CCP2CONbits
               00091         extern _CCP1CONbits
               00092         extern _ADCON2bits
               00093         extern _ADCON1bits
               00094         extern _ADCON0bits
               00095         extern _SSPCON2bits
               00096         extern _SSPCON1bits
               00097         extern _SSPSTATbits
               00098         extern _T2CONbits
               00099         extern _T1CONbits
               00100         extern _RCONbits
               00101         extern _WDTCONbits
               00102         extern _HLVDCONbits
               00103         extern _OSCCONbits
               00104         extern _T0CONbits
               00105         extern _STATUSbits
               00106         extern _FSR2Hbits
               00107         extern _BSRbits
               00108         extern _FSR1Hbits
gpasm-0.13.4 beta               picon.asm   7-27-2012  21:33:24          PAGE  3


LOC  OBJECT CODE     LINE SOURCE TEXT
  VALUE
 
               00109         extern _FSR0Hbits
               00110         extern _INTCON3bits
               00111         extern _INTCON2bits
               00112         extern _INTCONbits
               00113         extern _TBLPTRUbits
               00114         extern _PCLATHbits
               00115         extern _PCLATUbits
               00116         extern _STKPTRbits
               00117         extern _TOSUbits
               00118         extern _stdin
               00119         extern _stdout
               00120         extern _SPPDATA
               00121         extern _SPPCFG
               00122         extern _SPPEPS
               00123         extern _SPPCON
               00124         extern _UFRML
               00125         extern _UFRMH
               00126         extern _UIR
               00127         extern _UIE
               00128         extern _UEIR
               00129         extern _UEIE
               00130         extern _USTAT
               00131         extern _UCON
               00132         extern _UADDR
               00133         extern _UCFG
               00134         extern _UEP0
               00135         extern _UEP1
               00136         extern _UEP2
               00137         extern _UEP3
               00138         extern _UEP4
               00139         extern _UEP5
               00140         extern _UEP6
               00141         extern _UEP7
               00142         extern _UEP8
               00143         extern _UEP9
               00144         extern _UEP10
               00145         extern _UEP11
               00146         extern _UEP12
               00147         extern _UEP13
               00148         extern _UEP14
               00149         extern _UEP15
               00150         extern _PORTA
               00151         extern _PORTB
               00152         extern _PORTC
               00153         extern _PORTD
               00154         extern _PORTE
               00155         extern _LATA
               00156         extern _LATB
               00157         extern _LATC
               00158         extern _LATD
               00159         extern _LATE
               00160         extern _TRISA
               00161         extern _TRISB
               00162         extern _TRISC
gpasm-0.13.4 beta               picon.asm   7-27-2012  21:33:24          PAGE  4


LOC  OBJECT CODE     LINE SOURCE TEXT
  VALUE
 
               00163         extern _TRISD
               00164         extern _TRISE
               00165         extern _OSCTUNE
               00166         extern _PIE1
               00167         extern _PIR1
               00168         extern _IPR1
               00169         extern _PIE2
               00170         extern _PIR2
               00171         extern _IPR2
               00172         extern _EECON1
               00173         extern _EECON2
               00174         extern _EEDATA
               00175         extern _EEADR
               00176         extern _RCSTA
               00177         extern _TXSTA
               00178         extern _TXREG
               00179         extern _RCREG
               00180         extern _SPBRG
               00181         extern _SPBRGH
               00182         extern _T3CON
               00183         extern _TMR3L
               00184         extern _TMR3H
               00185         extern _CMCON
               00186         extern _CVRCON
               00187         extern _ECCP1AS
               00188         extern _ECCP1DEL
               00189         extern _BAUDCON
               00190         extern _CCP2CON
               00191         extern _CCPR2L
               00192         extern _CCPR2H
               00193         extern _CCP1CON
               00194         extern _CCPR1L
               00195         extern _CCPR1H
               00196         extern _ADCON2
               00197         extern _ADCON1
               00198         extern _ADCON0
               00199         extern _ADRESL
               00200         extern _ADRESH
               00201         extern _SSPCON2
               00202         extern _SSPCON1
               00203         extern _SSPSTAT
               00204         extern _SSPADD
               00205         extern _SSPBUF
               00206         extern _T2CON
               00207         extern _PR2
               00208         extern _TMR2
               00209         extern _T1CON
               00210         extern _TMR1L
               00211         extern _TMR1H
               00212         extern _RCON
               00213         extern _WDTCON
               00214         extern _HLVDCON
               00215         extern _OSCCON
               00216         extern _T0CON
gpasm-0.13.4 beta               picon.asm   7-27-2012  21:33:24          PAGE  5


LOC  OBJECT CODE     LINE SOURCE TEXT
  VALUE
 
               00217         extern _TMR0L
               00218         extern _TMR0H
               00219         extern _STATUS
               00220         extern _FSR2L
               00221         extern _FSR2H
               00222         extern _PLUSW2
               00223         extern _PREINC2
               00224         extern _POSTDEC2
               00225         extern _POSTINC2
               00226         extern _INDF2
               00227         extern _BSR
               00228         extern _FSR1L
               00229         extern _FSR1H
               00230         extern _PLUSW1
               00231         extern _PREINC1
               00232         extern _POSTDEC1
               00233         extern _POSTINC1
               00234         extern _INDF1
               00235         extern _WREG
               00236         extern _FSR0L
               00237         extern _FSR0H
               00238         extern _PLUSW0
               00239         extern _PREINC0
               00240         extern _POSTDEC0
               00241         extern _POSTINC0
               00242         extern _INDF0
               00243         extern _INTCON3
               00244         extern _INTCON2
               00245         extern _INTCON
               00246         extern _PRODL
               00247         extern _PRODH
               00248         extern _TABLAT
               00249         extern _TBLPTRL
               00250         extern _TBLPTRH
               00251         extern _TBLPTRU
               00252         extern _PCL
               00253         extern _PCLATH
               00254         extern _PCLATU
               00255         extern _STKPTR
               00256         extern _TOSL
               00257         extern _TOSH
               00258         extern _TOSU
               00259         extern _fill_in_buffer
               00260         extern _picon_buffer_size
               00261         extern _Picon_InBuffer
               00262         extern _picon_ep
               00263 ;--------------------------------------------------------
               00264 ;       Equates to used internal registers
               00265 ;--------------------------------------------------------
  00000FD8     00266 STATUS  equ     0xfd8
  00000FE8     00267 WREG    equ     0xfe8
  00000FF6     00268 TBLPTRL equ     0xff6
  00000FF7     00269 TBLPTRH equ     0xff7
  00000FF8     00270 TBLPTRU equ     0xff8
gpasm-0.13.4 beta               picon.asm   7-27-2012  21:33:24          PAGE  6


LOC  OBJECT CODE     LINE SOURCE TEXT
  VALUE
 
  00000FF5     00271 TABLAT  equ     0xff5
  00000FE9     00272 FSR0L   equ     0xfe9
  00000FEA     00273 FSR0H   equ     0xfea
  00000FE1     00274 FSR1L   equ     0xfe1
  00000FD9     00275 FSR2L   equ     0xfd9
  00000FEF     00276 INDF0   equ     0xfef
  00000FEE     00277 POSTINC0        equ     0xfee
  00000FE5     00278 POSTDEC1        equ     0xfe5
  00000FE4     00279 PREINC1 equ     0xfe4
  00000FF3     00280 PRODL   equ     0xff3
  00000FF4     00281 PRODH   equ     0xff4
               00282 
               00283 
               00284 ; Internal registers
               00285 .registers      udata_ovr       0x0000
               00286 r0x00   res     1
               00287 r0x01   res     1
               00288 r0x02   res     1
               00289 r0x03   res     1
               00290 r0x04   res     1
               00291 r0x05   res     1
               00292 r0x06   res     1
               00293 r0x07   res     1
               00294 
               00295 udata_picon_0   udata
               00296 _last_packet_was_void   res     1
               00297 
               00298 udata_picon_1   udata
               00299 _num_bytes_to_send      res     2
               00300 
               00301 udata_picon_2   udata
               00302 _num_bytes      res     1
               00303 
               00304 udata_picon_3   udata
               00305 _send_in_progress       res     1
               00306 
               00307 udata_picon_4   udata
               00308 _bottom res     3
               00309 
               00310 udata_picon_5   udata
               00311 _top    res     3
               00312 
               00313 udata_picon_6   udata
               00314 _tmp_bottom     res     3
               00315 
               00316 ;--------------------------------------------------------
               00317 ; global & static initialisations
               00318 ;--------------------------------------------------------
               00319 ; I code from now on!
               00320 ; ; Starting pCode block
               00321 S_picon__putchar        code
0000           00322 _putchar:
               00323 ;       .line   191; picon.c    PUTCHAR(c)
0000 C000 FFE5 00324         MOVFF   r0x00, POSTDEC1
gpasm-0.13.4 beta               picon.asm   7-27-2012  21:33:24          PAGE  7


LOC  OBJECT CODE     LINE SOURCE TEXT
  VALUE
 
0004 C000 FFE5 00325         MOVFF   r0x01, POSTDEC1
0008 C000 FFE5 00326         MOVFF   r0x02, POSTDEC1
000C C000 FFE5 00327         MOVFF   r0x03, POSTDEC1
0010 C000 FFE5 00328         MOVFF   r0x04, POSTDEC1
0014 C000 FFE5 00329         MOVFF   r0x05, POSTDEC1
0018 C000 FFE5 00330         MOVFF   r0x06, POSTDEC1
001C C000 FFE5 00331         MOVFF   r0x07, POSTDEC1
0020 6E00      00332         MOVWF   r0x00
               00333 ;       .line   196; picon.c    ib = INTCONbits.GIE;
0022 6A00      00334         CLRF    r0x01
0024 BE00      00335         BTFSC   _INTCONbits, 7
0026 2A00      00336         INCF    r0x01, F
               00337 ;       .line   197; picon.c    INTCONbits.GIE = 0;
0028 9E00      00338         BCF     _INTCONbits, 7
               00339 ;       .line   199; picon.c    if(top >= (Picon_InBuffer + picon_buffer_size))
002A 0E00      00340         MOVLW   LOW(_picon_buffer_size)
002C 6EF6      00341         MOVWF   TBLPTRL
002E 0E00      00342         MOVLW   HIGH(_picon_buffer_size)
0030 6EF7      00343         MOVWF   TBLPTRH
0032 0E00      00344         MOVLW   UPPER(_picon_buffer_size)
0034 6EF8      00345         MOVWF   TBLPTRU
0036 0009      00346         TBLRD*+ 
0038 CFF5 F000 00347         MOVFF   TABLAT, r0x02
003C 0009      00348         TBLRD*+ 
003E CFF5 F000 00349         MOVFF   TABLAT, r0x03
0042 0E00      00350         MOVLW   LOW(_Picon_InBuffer)
0044 6EF6      00351         MOVWF   TBLPTRL
0046 0E00      00352         MOVLW   HIGH(_Picon_InBuffer)
0048 6EF7      00353         MOVWF   TBLPTRH
004A 0E00      00354         MOVLW   UPPER(_Picon_InBuffer)
004C 6EF8      00355         MOVWF   TBLPTRU
004E 0009      00356         TBLRD*+ 
0050 CFF5 F000 00357         MOVFF   TABLAT, r0x04
0054 0009      00358         TBLRD*+ 
0056 CFF5 F000 00359         MOVFF   TABLAT, r0x05
005A 0009      00360         TBLRD*+ 
005C CFF5 F000 00361         MOVFF   TABLAT, r0x06
0060 5000      00362         MOVF    r0x04, W
0062 2600      00363         ADDWF   r0x02, F
0064 5000      00364         MOVF    r0x05, W
0066 2200      00365         ADDWFC  r0x03, F
0068 5000      00366         MOVF    r0x06, W
006A 6A00      00367         CLRF    r0x07
006C 2200      00368         ADDWFC  r0x07, F
006E 5000      00369         MOVF    r0x07, W
0070 0000      00370         BANKSEL (_top + 2)
0072 5D00      00371         SUBWF   (_top + 2), W, B
0074 E100      00372         BNZ     _00180_DS_
0076 5000      00373         MOVF    r0x03, W
               00374 ; removed redundant BANKSEL
0078 5D00      00375         SUBWF   (_top + 1), W, B
007A E100      00376         BNZ     _00180_DS_
007C 5000      00377         MOVF    r0x02, W
               00378 ; removed redundant BANKSEL
gpasm-0.13.4 beta               picon.asm   7-27-2012  21:33:24          PAGE  8


LOC  OBJECT CODE     LINE SOURCE TEXT
  VALUE
 
007E 5D00      00379         SUBWF   _top, W, B
0080           00380 _00180_DS_:
0080 E300      00381         BNC     _00168_DS_
               00382 ;       .line   201; picon.c    top = Picon_InBuffer;
0082 0E00      00383         MOVLW   LOW(_Picon_InBuffer)
0084 6EF6      00384         MOVWF   TBLPTRL
0086 0E00      00385         MOVLW   HIGH(_Picon_InBuffer)
0088 6EF7      00386         MOVWF   TBLPTRH
008A 0E00      00387         MOVLW   UPPER(_Picon_InBuffer)
008C 6EF8      00388         MOVWF   TBLPTRU
008E 0009      00389         TBLRD*+ 
0090 CFF5 F000 00390         MOVFF   TABLAT, _top
0094 0009      00391         TBLRD*+ 
0096 CFF5 F000 00392         MOVFF   TABLAT, (_top + 1)
009A 0009      00393         TBLRD*+ 
009C CFF5 F000 00394         MOVFF   TABLAT, (_top + 2)
00A0           00395 _00168_DS_:
00A0 0000      00396         BANKSEL _top
               00397 ;       .line   204; picon.c    if((top == bottom) && (num_bytes != 0))
00A2 5100      00398         MOVF    _top, W, B
00A4 0000      00399         BANKSEL _bottom
00A6 1900      00400         XORWF   _bottom, W, B
00A8 E100      00401         BNZ     _00181_DS_
00AA 0000      00402         BANKSEL (_top + 1)
00AC 5100      00403         MOVF    (_top + 1), W, B
00AE 0000      00404         BANKSEL (_bottom + 1)
00B0 1900      00405         XORWF   (_bottom + 1), W, B
00B2 E100      00406         BNZ     _00181_DS_
00B4 0000      00407         BANKSEL (_top + 2)
00B6 5100      00408         MOVF    (_top + 2), W, B
00B8 0000      00409         BANKSEL (_bottom + 2)
00BA 1900      00410         XORWF   (_bottom + 2), W, B
00BC E000      00411         BZ      _00182_DS_
00BE           00412 _00181_DS_:
00BE D000      00413         BRA     _00170_DS_
00C0           00414 _00182_DS_:
00C0 0000      00415         BANKSEL _num_bytes
00C2 5100      00416         MOVF    _num_bytes, W, B
00C4 E000      00417         BZ      _00170_DS_
               00418 ;       .line   208; picon.c    INTCONbits.GIE = ib;
00C6 5000      00419         MOVF    r0x01, W
               00420 ; #     MOVWF   r0x02
               00421 ; #     MOVF    r0x02, W
               00422 ; ;     peep 2 - Removed redundant move
00C8 0B01      00423         ANDLW   0x01
00CA 40E8      00424         RRNCF   WREG, W
00CC 6EF4      00425         MOVWF   PRODH
00CE 5000      00426         MOVF    _INTCONbits, W
00D0 0B7F      00427         ANDLW   0x7f
00D2 10F4      00428         IORWF   PRODH, W
00D4 6E00      00429         MOVWF   _INTCONbits
               00430 ;       .line   209; picon.c    return;
00D6 D000      00431         BRA     _00174_DS_
00D8           00432 _00170_DS_:
gpasm-0.13.4 beta               picon.asm   7-27-2012  21:33:24          PAGE  9


LOC  OBJECT CODE     LINE SOURCE TEXT
  VALUE
 
               00433 ;       .line   212; picon.c    *top = c;
00D8 C000 F000 00434         MOVFF   _top, r0x02
00DC C000 F000 00435         MOVFF   (_top + 1), r0x03
00E0 C000 F000 00436         MOVFF   (_top + 2), r0x04
00E4 C000 FFE5 00437         MOVFF   r0x00, POSTDEC1
00E8 C000 FFE9 00438         MOVFF   r0x02, FSR0L
00EC C000 FFF3 00439         MOVFF   r0x03, PRODL
00F0 5000      00440         MOVF    r0x04, W
00F2 EC00 F000 00441         CALL    __gptrput1
00F6 0000      00442         BANKSEL _top
               00443 ;       .line   213; picon.c    top++;
00F8 2B00      00444         INCF    _top, F, B
00FA E300      00445         BNC     _10167_DS_
               00446 ; removed redundant BANKSEL
00FC 2B00      00447         INCF    (_top + 1), F, B
00FE           00448 _10167_DS_:
00FE E300      00449         BNC     _20168_DS_
0100 0000      00450         BANKSEL (_top + 2)
0102 2B00      00451         INCF    (_top + 2), F, B
0104           00452 _20168_DS_:
0104 0000      00453         BANKSEL _num_bytes
               00454 ;       .line   214; picon.c    num_bytes++;
0106 2B00      00455         INCF    _num_bytes, F, B
0108 0000      00456         BANKSEL _send_in_progress
               00457 ;       .line   217; picon.c    if(!send_in_progress)
010A 5100      00458         MOVF    _send_in_progress, W, B
010C E100      00459         BNZ     _00173_DS_
               00460 ;       .line   219; picon.c    send_in_progress = TRUE;
010E 0E01      00461         MOVLW   0x01
               00462 ; removed redundant BANKSEL
0110 6F00      00463         MOVWF   _send_in_progress, B
               00464 ;       .line   220; picon.c    prepare_in();
0112 EC00 F000 00465         CALL    _prepare_in
0116           00466 _00173_DS_:
               00467 ;       .line   223; picon.c    INTCONbits.GIE = ib;
0116 5000      00468         MOVF    r0x01, W
0118 0B01      00469         ANDLW   0x01
011A 40E8      00470         RRNCF   WREG, W
011C 6EF4      00471         MOVWF   PRODH
011E 5000      00472         MOVF    _INTCONbits, W
0120 0B7F      00473         ANDLW   0x7f
0122 10F4      00474         IORWF   PRODH, W
0124 6E00      00475         MOVWF   _INTCONbits
0126           00476 _00174_DS_:
0126 CFE4 F000 00477         MOVFF   PREINC1, r0x07
012A CFE4 F000 00478         MOVFF   PREINC1, r0x06
012E CFE4 F000 00479         MOVFF   PREINC1, r0x05
0132 CFE4 F000 00480         MOVFF   PREINC1, r0x04
0136 CFE4 F000 00481         MOVFF   PREINC1, r0x03
013A CFE4 F000 00482         MOVFF   PREINC1, r0x02
013E CFE4 F000 00483         MOVFF   PREINC1, r0x01
0142 CFE4 F000 00484         MOVFF   PREINC1, r0x00
0146 0012      00485         RETURN  
               00486 
gpasm-0.13.4 beta               picon.asm   7-27-2012  21:33:24          PAGE 10


LOC  OBJECT CODE     LINE SOURCE TEXT
  VALUE
 
               00487 ; ; Starting pCode block
               00488 S_picon__picon_in       code
0000           00489 _picon_in:
               00490 ;       .line   150; picon.c    void picon_in(void)
0000 C000 FFE5 00491         MOVFF   r0x00, POSTDEC1
0004 C000 FFE5 00492         MOVFF   r0x01, POSTDEC1
0008 C000 FFE5 00493         MOVFF   r0x02, POSTDEC1
000C C000 FFE5 00494         MOVFF   r0x03, POSTDEC1
               00495 ;       .line   155; picon.c    ib = INTCONbits.GIE;
0010 6A00      00496         CLRF    r0x00
0012 BE00      00497         BTFSC   _INTCONbits, 7
0014 2A00      00498         INCF    r0x00, F
               00499 ;       .line   156; picon.c    INTCONbits.GIE = 0;
0016 9E00      00500         BCF     _INTCONbits, 7
               00501 ;       .line   158; picon.c    bottom = tmp_bottom; // Flush the sent chars
0018 C000 F000 00502         MOVFF   _tmp_bottom, _bottom
001C C000 F000 00503         MOVFF   (_tmp_bottom + 1), (_bottom + 1)
0020 C000 F000 00504         MOVFF   (_tmp_bottom + 2), (_bottom + 2)
               00505 ;       .line   160; picon.c    if((bottom == Picon_InBuffer) && (num_bytes != 0))
0024 0E00      00506         MOVLW   LOW(_Picon_InBuffer)
0026 6EF6      00507         MOVWF   TBLPTRL
0028 0E00      00508         MOVLW   HIGH(_Picon_InBuffer)
002A 6EF7      00509         MOVWF   TBLPTRH
002C 0E00      00510         MOVLW   UPPER(_Picon_InBuffer)
002E 6EF8      00511         MOVWF   TBLPTRU
0030 0009      00512         TBLRD*+ 
0032 CFF5 F000 00513         MOVFF   TABLAT, r0x01
0036 0009      00514         TBLRD*+ 
0038 CFF5 F000 00515         MOVFF   TABLAT, r0x02
003C 0009      00516         TBLRD*+ 
003E CFF5 F000 00517         MOVFF   TABLAT, r0x03
0042 0000      00518         BANKSEL _bottom
0044 5100      00519         MOVF    _bottom, W, B
0046 1800      00520         XORWF   r0x01, W
0048 E100      00521         BNZ     _00158_DS_
               00522 ; removed redundant BANKSEL
004A 5100      00523         MOVF    (_bottom + 1), W, B
004C 1800      00524         XORWF   r0x02, W
004E E100      00525         BNZ     _00158_DS_
               00526 ; removed redundant BANKSEL
0050 5100      00527         MOVF    (_bottom + 2), W, B
0052 1800      00528         XORWF   r0x03, W
0054 E000      00529         BZ      _00159_DS_
0056           00530 _00158_DS_:
0056 D000      00531         BRA     _00143_DS_
0058           00532 _00159_DS_:
0058 0000      00533         BANKSEL _num_bytes
005A 5100      00534         MOVF    _num_bytes, W, B
005C E000      00535         BZ      _00143_DS_
               00536 ;       .line   162; picon.c    num_bytes_to_send = num_bytes;
005E C000 F000 00537         MOVFF   _num_bytes, _num_bytes_to_send
0062 0000      00538         BANKSEL (_num_bytes_to_send + 1)
0064 6B00      00539         CLRF    (_num_bytes_to_send + 1), B
0066           00540 _00143_DS_:
gpasm-0.13.4 beta               picon.asm   7-27-2012  21:33:24          PAGE 11


LOC  OBJECT CODE     LINE SOURCE TEXT
  VALUE
 
0066 0000      00541         BANKSEL _num_bytes_to_send
               00542 ;       .line   165; picon.c    if((num_bytes_to_send == 0) && last_packet_was_void)
0068 5100      00543         MOVF    _num_bytes_to_send, W, B
               00544 ; removed redundant BANKSEL
006A 1100      00545         IORWF   (_num_bytes_to_send + 1), W, B
006C E100      00546         BNZ     _00149_DS_
006E 0000      00547         BANKSEL _last_packet_was_void
0070 5100      00548         MOVF    _last_packet_was_void, W, B
0072 E000      00549         BZ      _00149_DS_
0074 0000      00550         BANKSEL _num_bytes
               00551 ;       .line   168; picon.c    if(num_bytes != 0)
0076 5100      00552         MOVF    _num_bytes, W, B
0078 E000      00553         BZ      _00146_DS_
               00554 ;       .line   170; picon.c    prepare_in();
007A EC00 F000 00555         CALL    _prepare_in
007E D000      00556         BRA     _00147_DS_
0080           00557 _00146_DS_:
0080 0000      00558         BANKSEL _send_in_progress
               00559 ;       .line   178; picon.c    send_in_progress = FALSE;
0082 6B00      00560         CLRF    _send_in_progress, B
0084           00561 _00147_DS_:
               00562 ;       .line   182; picon.c    INTCONbits.GIE = ib;
0084 5000      00563         MOVF    r0x00, W
               00564 ; #     MOVWF   r0x01
               00565 ; #     MOVF    r0x01, W
               00566 ; ;     peep 2 - Removed redundant move
0086 0B01      00567         ANDLW   0x01
0088 40E8      00568         RRNCF   WREG, W
008A 6EF4      00569         MOVWF   PRODH
008C 5000      00570         MOVF    _INTCONbits, W
008E 0B7F      00571         ANDLW   0x7f
0090 10F4      00572         IORWF   PRODH, W
0092 6E00      00573         MOVWF   _INTCONbits
               00574 ;       .line   183; picon.c    return;
0094 D000      00575         BRA     _00151_DS_
0096           00576 _00149_DS_:
               00577 ;       .line   186; picon.c    prepare_next_packet();
0096 EC00 F000 00578         CALL    _prepare_next_packet
               00579 ;       .line   188; picon.c    INTCONbits.GIE = ib;
009A 5000      00580         MOVF    r0x00, W
009C 0B01      00581         ANDLW   0x01
009E 40E8      00582         RRNCF   WREG, W
00A0 6EF4      00583         MOVWF   PRODH
00A2 5000      00584         MOVF    _INTCONbits, W
00A4 0B7F      00585         ANDLW   0x7f
00A6 10F4      00586         IORWF   PRODH, W
00A8 6E00      00587         MOVWF   _INTCONbits
00AA           00588 _00151_DS_:
00AA CFE4 F000 00589         MOVFF   PREINC1, r0x03
00AE CFE4 F000 00590         MOVFF   PREINC1, r0x02
00B2 CFE4 F000 00591         MOVFF   PREINC1, r0x01
00B6 CFE4 F000 00592         MOVFF   PREINC1, r0x00
00BA 0012      00593         RETURN  
               00594 
gpasm-0.13.4 beta               picon.asm   7-27-2012  21:33:24          PAGE 12


LOC  OBJECT CODE     LINE SOURCE TEXT
  VALUE
 
               00595 ; ; Starting pCode block
               00596 S_picon__prepare_in     code
0000           00597 _prepare_in:
               00598 ;       .line   123; picon.c    void prepare_in(void)
0000 C000 FFE5 00599         MOVFF   r0x00, POSTDEC1
0004 C000 FFE5 00600         MOVFF   r0x01, POSTDEC1
0008 C000 FFE5 00601         MOVFF   r0x02, POSTDEC1
000C C000 FFE5 00602         MOVFF   r0x03, POSTDEC1
0010 C000 FFE5 00603         MOVFF   r0x04, POSTDEC1
0014 C000 FFE5 00604         MOVFF   r0x05, POSTDEC1
               00605 ;       .line   129; picon.c    ib = INTCONbits.GIE;
0018 6A00      00606         CLRF    r0x00
001A BE00      00607         BTFSC   _INTCONbits, 7
001C 2A00      00608         INCF    r0x00, F
               00609 ;       .line   130; picon.c    INTCONbits.GIE = 0;
001E 9E00      00610         BCF     _INTCONbits, 7
0020 0000      00611         BANKSEL (_top + 2)
               00612 ;       .line   132; picon.c    if((top <= bottom) && (num_bytes > 0))
0022 5100      00613         MOVF    (_top + 2), W, B
0024 0000      00614         BANKSEL (_bottom + 2)
0026 5D00      00615         SUBWF   (_bottom + 2), W, B
0028 E100      00616         BNZ     _00137_DS_
002A 0000      00617         BANKSEL (_top + 1)
002C 5100      00618         MOVF    (_top + 1), W, B
002E 0000      00619         BANKSEL (_bottom + 1)
0030 5D00      00620         SUBWF   (_bottom + 1), W, B
0032 E100      00621         BNZ     _00137_DS_
0034 0000      00622         BANKSEL _top
0036 5100      00623         MOVF    _top, W, B
0038 0000      00624         BANKSEL _bottom
003A 5D00      00625         SUBWF   _bottom, W, B
003C           00626 _00137_DS_:
003C E300      00627         BNC     _00130_DS_
003E 0000      00628         BANKSEL _num_bytes
0040 5100      00629         MOVF    _num_bytes, W, B
0042 E000      00630         BZ      _00130_DS_
               00631 ;       .line   135; picon.c    top_send_buffer = Picon_InBuffer + picon_buffer_size;
0044 0E00      00632         MOVLW   LOW(_picon_buffer_size)
0046 6EF6      00633         MOVWF   TBLPTRL
0048 0E00      00634         MOVLW   HIGH(_picon_buffer_size)
004A 6EF7      00635         MOVWF   TBLPTRH
004C 0E00      00636         MOVLW   UPPER(_picon_buffer_size)
004E 6EF8      00637         MOVWF   TBLPTRU
0050 0009      00638         TBLRD*+ 
0052 CFF5 F000 00639         MOVFF   TABLAT, r0x01
0056 0009      00640         TBLRD*+ 
0058 CFF5 F000 00641         MOVFF   TABLAT, r0x02
005C 0E00      00642         MOVLW   LOW(_Picon_InBuffer)
005E 6EF6      00643         MOVWF   TBLPTRL
0060 0E00      00644         MOVLW   HIGH(_Picon_InBuffer)
0062 6EF7      00645         MOVWF   TBLPTRH
0064 0E00      00646         MOVLW   UPPER(_Picon_InBuffer)
0066 6EF8      00647         MOVWF   TBLPTRU
0068 0009      00648         TBLRD*+ 
gpasm-0.13.4 beta               picon.asm   7-27-2012  21:33:24          PAGE 13


LOC  OBJECT CODE     LINE SOURCE TEXT
  VALUE
 
006A CFF5 F000 00649         MOVFF   TABLAT, r0x03
006E 0009      00650         TBLRD*+ 
0070 CFF5 F000 00651         MOVFF   TABLAT, r0x04
0074 0009      00652         TBLRD*+ 
0076 CFF5 F000 00653         MOVFF   TABLAT, r0x05
007A 5000      00654         MOVF    r0x01, W
007C 2400      00655         ADDWF   r0x03, W
007E 6E00      00656         MOVWF   r0x03
0080 5000      00657         MOVF    r0x02, W
0082 2000      00658         ADDWFC  r0x04, W
0084 6E00      00659         MOVWF   r0x02
0086 D000      00660         BRA     _00131_DS_
0088           00661 _00130_DS_:
               00662 ;       .line   139; picon.c    top_send_buffer = top;
0088 C000 F000 00663         MOVFF   _top, r0x03
008C C000 F000 00664         MOVFF   (_top + 1), r0x02
0090 C000 F000 00665         MOVFF   (_top + 2), r0x01
0094           00666 _00131_DS_:
0094 0000      00667         BANKSEL _bottom
               00668 ;       .line   143; picon.c    num_bytes_to_send = top_send_buffer - bottom;
0096 5100      00669         MOVF    _bottom, W, B
0098 5C00      00670         SUBWF   r0x03, W
009A 0000      00671         BANKSEL _num_bytes_to_send
009C 6F00      00672         MOVWF   _num_bytes_to_send, B
009E 0000      00673         BANKSEL (_bottom + 1)
00A0 5100      00674         MOVF    (_bottom + 1), W, B
00A2 5800      00675         SUBWFB  r0x02, W
00A4 0000      00676         BANKSEL (_num_bytes_to_send + 1)
00A6 6F00      00677         MOVWF   (_num_bytes_to_send + 1), B
               00678 ;       .line   145; picon.c    prepare_next_packet();
00A8 EC00 F000 00679         CALL    _prepare_next_packet
               00680 ;       .line   147; picon.c    INTCONbits.GIE = ib;
00AC 5000      00681         MOVF    r0x00, W
00AE 0B01      00682         ANDLW   0x01
00B0 40E8      00683         RRNCF   WREG, W
00B2 6EF4      00684         MOVWF   PRODH
00B4 5000      00685         MOVF    _INTCONbits, W
00B6 0B7F      00686         ANDLW   0x7f
00B8 10F4      00687         IORWF   PRODH, W
00BA 6E00      00688         MOVWF   _INTCONbits
00BC CFE4 F000 00689         MOVFF   PREINC1, r0x05
00C0 CFE4 F000 00690         MOVFF   PREINC1, r0x04
00C4 CFE4 F000 00691         MOVFF   PREINC1, r0x03
00C8 CFE4 F000 00692         MOVFF   PREINC1, r0x02
00CC CFE4 F000 00693         MOVFF   PREINC1, r0x01
00D0 CFE4 F000 00694         MOVFF   PREINC1, r0x00
00D4 0012      00695         RETURN  
               00696 
               00697 ; ; Starting pCode block
               00698 S_picon__prepare_next_packet    code
0000           00699 _prepare_next_packet:
               00700 ;       .line   85; picon.c     void prepare_next_packet(void)
0000 C000 FFE5 00701         MOVFF   r0x00, POSTDEC1
0004 C000 FFE5 00702         MOVFF   r0x01, POSTDEC1
gpasm-0.13.4 beta               picon.asm   7-27-2012  21:33:24          PAGE 14


LOC  OBJECT CODE     LINE SOURCE TEXT
  VALUE
 
0008 C000 FFE5 00703         MOVFF   r0x02, POSTDEC1
000C C000 FFE5 00704         MOVFF   r0x03, POSTDEC1
0010 C000 FFE5 00705         MOVFF   r0x04, POSTDEC1
0014 C000 FFE5 00706         MOVFF   r0x05, POSTDEC1
               00707 ;       .line   87; picon.c     last_packet_was_void = (num_bytes_to_send < PICON_PACKET_SIZE);
0018 0E00      00708         MOVLW   0x00
001A 0000      00709         BANKSEL (_num_bytes_to_send + 1)
001C 5D00      00710         SUBWF   (_num_bytes_to_send + 1), W, B
001E E100      00711         BNZ     _00123_DS_
0020 0E08      00712         MOVLW   0x08
               00713 ; removed redundant BANKSEL
0022 5D00      00714         SUBWF   _num_bytes_to_send, W, B
0024           00715 _00123_DS_:
0024 70D8      00716         BTG     STATUS, 0
0026 0000      00717         BANKSEL _last_packet_was_void
0028 6B00      00718         CLRF    _last_packet_was_void, B
002A 3700      00719         RLCF    _last_packet_was_void, F, B
               00720 ;       .line   90; picon.c     if(last_packet_was_void)
002C 5100      00721         MOVF    _last_packet_was_void, W, B
002E E000      00722         BZ      _00110_DS_
               00723 ; #     MOVF    _num_bytes_to_send, W, B
               00724 ; #     MOVWF   r0x00
               00725 ; #     MOVF    r0x00, W
               00726 ; ;     peep 9c - Removed redundant move
0030 0000      00727         BANKSEL _num_bytes_to_send
               00728 ;       .line   92; picon.c     num_bytes -= num_bytes_to_send;
0032 5100      00729         MOVF    _num_bytes_to_send, W, B
0034 0000      00730         BANKSEL _num_bytes
0036 5F00      00731         SUBWF   _num_bytes, F, B
0038 D000      00732         BRA     _00111_DS_
003A           00733 _00110_DS_:
               00734 ;       .line   96; picon.c     num_bytes -= PICON_PACKET_SIZE;
003A 0EF8      00735         MOVLW   0xf8
003C 0000      00736         BANKSEL _num_bytes
003E 2700      00737         ADDWF   _num_bytes, F, B
0040           00738 _00111_DS_:
               00739 ;       .line   100; picon.c    EP_IN_BD(picon_ep).ADR = (uchar __data *) bottom;
0040 0E00      00740         MOVLW   LOW(_picon_ep)
0042 6EF6      00741         MOVWF   TBLPTRL
0044 0E00      00742         MOVLW   HIGH(_picon_ep)
0046 6EF7      00743         MOVWF   TBLPTRH
0048 0E00      00744         MOVLW   UPPER(_picon_ep)
004A 6EF8      00745         MOVWF   TBLPTRU
004C 0009      00746         TBLRD*+ 
004E CFF5 F000 00747         MOVFF   TABLAT, r0x00
0052 5000      00748         MOVF    r0x00, W
0054 2400      00749         ADDWF   r0x00, W
0056 6E00      00750         MOVWF   r0x01
0058 2A00      00751         INCF    r0x01, F
               00752 ; ;multiply lit val:0x04 by variable r0x01 and store in r0x01
               00753 ; ;Unrolled 8 X 8 multiplication
               00754 ; ;FIXME: the function does not support result==WREG
005A 5000      00755         MOVF    r0x01, W
005C 0D04      00756         MULLW   0x04
gpasm-0.13.4 beta               picon.asm   7-27-2012  21:33:24          PAGE 15


LOC  OBJECT CODE     LINE SOURCE TEXT
  VALUE
 
005E CFF3 F000 00757         MOVFF   PRODL, r0x01
0062 0E00      00758         MOVLW   LOW(_ep_bdt)
0064 2600      00759         ADDWF   r0x01, F
0066 0E00      00760         MOVLW   HIGH(_ep_bdt)
0068 6A00      00761         CLRF    r0x02
006A 2200      00762         ADDWFC  r0x02, F
006C 0E02      00763         MOVLW   0x02
006E 2600      00764         ADDWF   r0x01, F
0070 B0D8      00765         BTFSC   STATUS, 0
0072 2A00      00766         INCF    r0x02, F
0074 0000      00767         BANKSEL _bottom
0076 5100      00768         MOVF    _bottom, W, B
0078 6E00      00769         MOVWF   r0x03
               00770 ; removed redundant BANKSEL
007A 5100      00771         MOVF    (_bottom + 1), W, B
007C 6E00      00772         MOVWF   r0x04
007E C000 FFE9 00773         MOVFF   r0x01, FSR0L
0082 C000 FFEA 00774         MOVFF   r0x02, FSR0H
0086 C000 FFEE 00775         MOVFF   r0x03, POSTINC0
008A C000 FFEF 00776         MOVFF   r0x04, INDF0
               00777 ;       .line   103; picon.c    tmp_bottom = bottom;
008E C000 F000 00778         MOVFF   _bottom, _tmp_bottom
0092 C000 F000 00779         MOVFF   (_bottom + 1), (_tmp_bottom + 1)
0096 C000 F000 00780         MOVFF   (_bottom + 2), (_tmp_bottom + 2)
               00781 ;       .line   104; picon.c    fill_in_buffer(picon_ep, &tmp_bottom, PICON_PACKET_SIZE, &num_bytes_to_send);
009A 0E00      00782         MOVLW   HIGH(_tmp_bottom)
009C 6E00      00783         MOVWF   r0x02
009E 0E00      00784         MOVLW   LOW(_tmp_bottom)
00A0 6E00      00785         MOVWF   r0x01
00A2 0E80      00786         MOVLW   0x80
00A4 6E00      00787         MOVWF   r0x03
00A6 0E00      00788         MOVLW   HIGH(_num_bytes_to_send)
00A8 6E00      00789         MOVWF   r0x05
00AA 0E00      00790         MOVLW   LOW(_num_bytes_to_send)
00AC 6E00      00791         MOVWF   r0x04
00AE 0E80      00792         MOVLW   0x80
               00793 ; #     MOVWF   r0x06
               00794 ; #     MOVF    r0x06, W
               00795 ; ;     peep 2 - Removed redundant move
00B0 6EE5      00796         MOVWF   POSTDEC1
00B2 5000      00797         MOVF    r0x05, W
00B4 6EE5      00798         MOVWF   POSTDEC1
00B6 5000      00799         MOVF    r0x04, W
00B8 6EE5      00800         MOVWF   POSTDEC1
00BA 6AE5      00801         CLRF    POSTDEC1
00BC 0E08      00802         MOVLW   0x08
00BE 6EE5      00803         MOVWF   POSTDEC1
00C0 5000      00804         MOVF    r0x03, W
00C2 6EE5      00805         MOVWF   POSTDEC1
00C4 5000      00806         MOVF    r0x02, W
00C6 6EE5      00807         MOVWF   POSTDEC1
00C8 5000      00808         MOVF    r0x01, W
00CA 6EE5      00809         MOVWF   POSTDEC1
00CC 5000      00810         MOVF    r0x00, W
gpasm-0.13.4 beta               picon.asm   7-27-2012  21:33:24          PAGE 16


LOC  OBJECT CODE     LINE SOURCE TEXT
  VALUE
 
00CE 6EE5      00811         MOVWF   POSTDEC1
00D0 EC00 F000 00812         CALL    _fill_in_buffer
00D4 0E09      00813         MOVLW   0x09
00D6 26E1      00814         ADDWF   FSR1L, F
               00815 ;       .line   106; picon.c    if(tmp_bottom >= (Picon_InBuffer + picon_buffer_size))
00D8 0E00      00816         MOVLW   LOW(_picon_buffer_size)
00DA 6EF6      00817         MOVWF   TBLPTRL
00DC 0E00      00818         MOVLW   HIGH(_picon_buffer_size)
00DE 6EF7      00819         MOVWF   TBLPTRH
00E0 0E00      00820         MOVLW   UPPER(_picon_buffer_size)
00E2 6EF8      00821         MOVWF   TBLPTRU
00E4 0009      00822         TBLRD*+ 
00E6 CFF5 F000 00823         MOVFF   TABLAT, r0x00
00EA 0009      00824         TBLRD*+ 
00EC CFF5 F000 00825         MOVFF   TABLAT, r0x01
00F0 0E00      00826         MOVLW   LOW(_Picon_InBuffer)
00F2 6EF6      00827         MOVWF   TBLPTRL
00F4 0E00      00828         MOVLW   HIGH(_Picon_InBuffer)
00F6 6EF7      00829         MOVWF   TBLPTRH
00F8 0E00      00830         MOVLW   UPPER(_Picon_InBuffer)
00FA 6EF8      00831         MOVWF   TBLPTRU
00FC 0009      00832         TBLRD*+ 
00FE CFF5 F000 00833         MOVFF   TABLAT, r0x02
0102 0009      00834         TBLRD*+ 
0104 CFF5 F000 00835         MOVFF   TABLAT, r0x03
0108 0009      00836         TBLRD*+ 
010A CFF5 F000 00837         MOVFF   TABLAT, r0x04
010E 5000      00838         MOVF    r0x00, W
0110 2600      00839         ADDWF   r0x02, F
0112 5000      00840         MOVF    r0x01, W
0114 2200      00841         ADDWFC  r0x03, F
0116 6AE8      00842         CLRF    WREG
0118 2200      00843         ADDWFC  r0x04, F
011A 5000      00844         MOVF    r0x04, W
011C 0000      00845         BANKSEL (_tmp_bottom + 2)
011E 5D00      00846         SUBWF   (_tmp_bottom + 2), W, B
0120 E100      00847         BNZ     _00124_DS_
0122 5000      00848         MOVF    r0x03, W
               00849 ; removed redundant BANKSEL
0124 5D00      00850         SUBWF   (_tmp_bottom + 1), W, B
0126 E100      00851         BNZ     _00124_DS_
0128 5000      00852         MOVF    r0x02, W
               00853 ; removed redundant BANKSEL
012A 5D00      00854         SUBWF   _tmp_bottom, W, B
012C           00855 _00124_DS_:
012C E300      00856         BNC     _00113_DS_
               00857 ;       .line   109; picon.c    tmp_bottom -= picon_buffer_size;
012E 5000      00858         MOVF    r0x00, W
0130 0000      00859         BANKSEL _tmp_bottom
0132 5F00      00860         SUBWF   _tmp_bottom, F, B
0134 5000      00861         MOVF    r0x01, W
               00862 ; removed redundant BANKSEL
0136 5B00      00863         SUBWFB  (_tmp_bottom + 1), F, B
0138 6AE8      00864         CLRF    WREG
gpasm-0.13.4 beta               picon.asm   7-27-2012  21:33:24          PAGE 17


LOC  OBJECT CODE     LINE SOURCE TEXT
  VALUE
 
               00865 ; removed redundant BANKSEL
013A 5B00      00866         SUBWFB  (_tmp_bottom + 2), F, B
013C           00867 _00113_DS_:
               00868 ;       .line   113; picon.c    if(EP_IN_BD(picon_ep).Stat.DTS == 0)
013C 0E00      00869         MOVLW   LOW(_picon_ep)
013E 6EF6      00870         MOVWF   TBLPTRL
0140 0E00      00871         MOVLW   HIGH(_picon_ep)
0142 6EF7      00872         MOVWF   TBLPTRH
0144 0E00      00873         MOVLW   UPPER(_picon_ep)
0146 6EF8      00874         MOVWF   TBLPTRU
0148 0009      00875         TBLRD*+ 
014A CFF5 F000 00876         MOVFF   TABLAT, r0x00
014E 5000      00877         MOVF    r0x00, W
0150 2400      00878         ADDWF   r0x00, W
0152 6E00      00879         MOVWF   r0x01
0154 2800      00880         INCF    r0x01, W
               00881 ; #     MOVWF   r0x00
               00882 ; #;;multiply lit val:0x04 by variable r0x00 and store in r0x00
               00883 ; #;;Unrolled 8 X 8 multiplication
               00884 ; #;;FIXME: the function does not support result==WREG
               00885 ; #     MOVF    r0x00, W
               00886 ; ;     peep 2 - Removed redundant move
0156 0D04      00887         MULLW   0x04
0158 CFF3 F000 00888         MOVFF   PRODL, r0x00
015C 0E00      00889         MOVLW   LOW(_ep_bdt)
015E 2400      00890         ADDWF   r0x00, W
0160 6E00      00891         MOVWF   r0x01
0162 6A00      00892         CLRF    r0x02
0164 0E00      00893         MOVLW   HIGH(_ep_bdt)
0166 2200      00894         ADDWFC  r0x02, F
0168 6AE8      00895         CLRF    WREG
016A C000 FFE9 00896         MOVFF   r0x01, FSR0L
016E C000 FFEA 00897         MOVFF   r0x02, FSR0H
0172 BCEF      00898         BTFSC   INDF0, 6
0174 2AE8      00899         INCF    WREG, F
0176 6E00      00900         MOVWF   r0x01
0178 5000      00901         MOVF    r0x01, W
017A E100      00902         BNZ     _00115_DS_
               00903 ;       .line   115; picon.c    EP_IN_BD(picon_ep).Stat.uc = BDS_USIE | BDS_DAT1 | BDS_DTSEN;
017C 0E00      00904         MOVLW   LOW(_ep_bdt)
017E 2400      00905         ADDWF   r0x00, W
0180 6E00      00906         MOVWF   r0x01
0182 6A00      00907         CLRF    r0x02
0184 0E00      00908         MOVLW   HIGH(_ep_bdt)
0186 2200      00909         ADDWFC  r0x02, F
0188 C000 FFE9 00910         MOVFF   r0x01, FSR0L
018C C000 FFEA 00911         MOVFF   r0x02, FSR0H
0190 0EC8      00912         MOVLW   0xc8
0192 6EEF      00913         MOVWF   INDF0
0194 D000      00914         BRA     _00117_DS_
0196           00915 _00115_DS_:
               00916 ;       .line   119; picon.c    EP_IN_BD(picon_ep).Stat.uc = BDS_USIE | BDS_DAT0 | BDS_DTSEN;
0196 0E00      00917         MOVLW   LOW(_ep_bdt)
0198 2600      00918         ADDWF   r0x00, F
gpasm-0.13.4 beta               picon.asm   7-27-2012  21:33:24          PAGE 18


LOC  OBJECT CODE     LINE SOURCE TEXT
  VALUE
 
019A 0E00      00919         MOVLW   HIGH(_ep_bdt)
019C 6A00      00920         CLRF    r0x01
019E 2200      00921         ADDWFC  r0x01, F
01A0 C000 FFE9 00922         MOVFF   r0x00, FSR0L
01A4 C000 FFEA 00923         MOVFF   r0x01, FSR0H
01A8 0E88      00924         MOVLW   0x88
01AA 6EEF      00925         MOVWF   INDF0
01AC           00926 _00117_DS_:
01AC CFE4 F000 00927         MOVFF   PREINC1, r0x05
01B0 CFE4 F000 00928         MOVFF   PREINC1, r0x04
01B4 CFE4 F000 00929         MOVFF   PREINC1, r0x03
01B8 CFE4 F000 00930         MOVFF   PREINC1, r0x02
01BC CFE4 F000 00931         MOVFF   PREINC1, r0x01
01C0 CFE4 F000 00932         MOVFF   PREINC1, r0x00
01C4 0012      00933         RETURN  
               00934 
               00935 ; ; Starting pCode block
               00936 S_picon__picon_init     code
0000           00937 _picon_init:
               00938 ;       .line   64; picon.c     void picon_init(void)
0000 C000 FFE5 00939         MOVFF   r0x00, POSTDEC1
0004 C000 FFE5 00940         MOVFF   r0x01, POSTDEC1
0008 C000 FFE5 00941         MOVFF   r0x02, POSTDEC1
               00942 ;       .line   69; picon.c     bottom           = Picon_InBuffer;
000C 0E00      00943         MOVLW   LOW(_Picon_InBuffer)
000E 6EF6      00944         MOVWF   TBLPTRL
0010 0E00      00945         MOVLW   HIGH(_Picon_InBuffer)
0012 6EF7      00946         MOVWF   TBLPTRH
0014 0E00      00947         MOVLW   UPPER(_Picon_InBuffer)
0016 6EF8      00948         MOVWF   TBLPTRU
0018 0009      00949         TBLRD*+ 
001A CFF5 F000 00950         MOVFF   TABLAT, _bottom
001E 0009      00951         TBLRD*+ 
0020 CFF5 F000 00952         MOVFF   TABLAT, (_bottom + 1)
0024 0009      00953         TBLRD*+ 
0026 CFF5 F000 00954         MOVFF   TABLAT, (_bottom + 2)
               00955 ;       .line   70; picon.c     top              = Picon_InBuffer;
002A 0E00      00956         MOVLW   LOW(_Picon_InBuffer)
002C 6EF6      00957         MOVWF   TBLPTRL
002E 0E00      00958         MOVLW   HIGH(_Picon_InBuffer)
0030 6EF7      00959         MOVWF   TBLPTRH
0032 0E00      00960         MOVLW   UPPER(_Picon_InBuffer)
0034 6EF8      00961         MOVWF   TBLPTRU
0036 0009      00962         TBLRD*+ 
0038 CFF5 F000 00963         MOVFF   TABLAT, _top
003C 0009      00964         TBLRD*+ 
003E CFF5 F000 00965         MOVFF   TABLAT, (_top + 1)
0042 0009      00966         TBLRD*+ 
0044 CFF5 F000 00967         MOVFF   TABLAT, (_top + 2)
0048 0000      00968         BANKSEL _num_bytes
               00969 ;       .line   71; picon.c     num_bytes        = 0;
004A 6B00      00970         CLRF    _num_bytes, B
004C 0000      00971         BANKSEL _send_in_progress
               00972 ;       .line   72; picon.c     send_in_progress = FALSE;
gpasm-0.13.4 beta               picon.asm   7-27-2012  21:33:24          PAGE 19


LOC  OBJECT CODE     LINE SOURCE TEXT
  VALUE
 
004E 6B00      00973         CLRF    _send_in_progress, B
               00974 ;       .line   79; picon.c     EP_IN_BD(picon_ep).Stat.uc = BDS_UCPU | BDS_DAT1 | BDS_DTSEN;
0050 0E00      00975         MOVLW   LOW(_picon_ep)
0052 6EF6      00976         MOVWF   TBLPTRL
0054 0E00      00977         MOVLW   HIGH(_picon_ep)
0056 6EF7      00978         MOVWF   TBLPTRH
0058 0E00      00979         MOVLW   UPPER(_picon_ep)
005A 6EF8      00980         MOVWF   TBLPTRU
005C 0009      00981         TBLRD*+ 
005E CFF5 F000 00982         MOVFF   TABLAT, r0x00
0062 5000      00983         MOVF    r0x00, W
0064 2400      00984         ADDWF   r0x00, W
0066 6E00      00985         MOVWF   r0x01
0068 2A00      00986         INCF    r0x01, F
               00987 ; ;multiply lit val:0x04 by variable r0x01 and store in r0x01
               00988 ; ;Unrolled 8 X 8 multiplication
               00989 ; ;FIXME: the function does not support result==WREG
006A 5000      00990         MOVF    r0x01, W
006C 0D04      00991         MULLW   0x04
006E CFF3 F000 00992         MOVFF   PRODL, r0x01
0072 0E00      00993         MOVLW   LOW(_ep_bdt)
0074 2600      00994         ADDWF   r0x01, F
0076 0E00      00995         MOVLW   HIGH(_ep_bdt)
0078 6A00      00996         CLRF    r0x02
007A 2200      00997         ADDWFC  r0x02, F
007C C000 FFE9 00998         MOVFF   r0x01, FSR0L
0080 C000 FFEA 00999         MOVFF   r0x02, FSR0H
0084 0E48      01000         MOVLW   0x48
0086 6EEF      01001         MOVWF   INDF0
               01002 ;       .line   82; picon.c     *((&UEP0) + picon_ep) = EPHSHK_EN | EPINEN_EN | EPCONDIS_EN;
0088 0E00      01003         MOVLW   LOW(_UEP0)
008A 2600      01004         ADDWF   r0x00, F
008C 0E00      01005         MOVLW   HIGH(_UEP0)
008E 6A00      01006         CLRF    r0x01
0090 2200      01007         ADDWFC  r0x01, F
0092 C000 FFE9 01008         MOVFF   r0x00, FSR0L
0096 C000 FFEA 01009         MOVFF   r0x01, FSR0H
009A 0E1A      01010         MOVLW   0x1a
009C 6EEF      01011         MOVWF   INDF0
009E CFE4 F000 01012         MOVFF   PREINC1, r0x02
00A2 CFE4 F000 01013         MOVFF   PREINC1, r0x01
00A6 CFE4 F000 01014         MOVFF   PREINC1, r0x00
00AA 0012      01015         RETURN  
               01016 
               01017 
               01018 
               01019 ; Statistics:
               01020 ; code size:     1356 (0x054c) bytes ( 1.03%)
               01021 ;                 678 (0x02a6) words
               01022 ; udata size:      14 (0x000e) bytes ( 0.78%)
               01023 ; access size:      8 (0x0008) bytes
               01024 
               01025 
gpasm-0.13.4 beta               picon.asm   7-27-2012  21:33:24          PAGE 20


SYMBOL TABLE
  LABEL                             VALUE 

FSR0H                             00000FEA
FSR0L                             00000FE9
FSR1L                             00000FE1
FSR2L                             00000FD9
INDF0                             00000FEF
POSTDEC1                          00000FE5
POSTINC0                          00000FEE
PREINC1                           00000FE4
PRODH                             00000FF4
PRODL                             00000FF3
STATUS                            00000FD8
TABLAT                            00000FF5
TBLPTRH                           00000FF7
TBLPTRL                           00000FF6
TBLPTRU                           00000FF8
WREG                              00000FE8
_00110_DS_                        0000003A
_00111_DS_                        00000040
_00113_DS_                        0000013C
_00115_DS_                        00000196
_00117_DS_                        000001AC
_00123_DS_                        00000024
_00124_DS_                        0000012C
_00130_DS_                        00000088
_00131_DS_                        00000094
_00137_DS_                        0000003C
_00143_DS_                        00000066
_00146_DS_                        00000080
_00147_DS_                        00000084
_00149_DS_                        00000096
_00151_DS_                        000000AA
_00158_DS_                        00000056
_00159_DS_                        00000058
_00168_DS_                        000000A0
_00170_DS_                        000000D8
_00173_DS_                        00000116
_00174_DS_                        00000126
_00180_DS_                        00000080
_00181_DS_                        000000BE
_00182_DS_                        000000C0
_10167_DS_                        000000FE
_20168_DS_                        00000104
_ADCON0                           00000000
_ADCON0bits                       00000000
_ADCON1                           00000000
_ADCON1bits                       00000000
_ADCON2                           00000000
_ADCON2bits                       00000000
_ADRESH                           00000000
_ADRESL                           00000000
_BAUDCON                          00000000
_BAUDCONbits                      00000000
_BSR                              00000000
gpasm-0.13.4 beta               picon.asm   7-27-2012  21:33:24          PAGE 21


LOC  OBJECT CODE     LINE SOURCE TEXT
  VALUE
 
_BSRbits                          00000000
_CCP1CON                          00000000
_CCP1CONbits                      00000000
_CCP2CON                          00000000
_CCP2CONbits                      00000000
_CCPR1H                           00000000
_CCPR1L                           00000000
_CCPR2H                           00000000
_CCPR2L                           00000000
_CMCON                            00000000
_CMCONbits                        00000000
_CVRCON                           00000000
_CVRCONbits                       00000000
_ECCP1AS                          00000000
_ECCP1ASbits                      00000000
_ECCP1DEL                         00000000
_ECCP1DELbits                     00000000
_EEADR                            00000000
_EECON1                           00000000
_EECON1bits                       00000000
_EECON2                           00000000
_EEDATA                           00000000
_FSR0H                            00000000
_FSR0Hbits                        00000000
_FSR0L                            00000000
_FSR1H                            00000000
_FSR1Hbits                        00000000
_FSR1L                            00000000
_FSR2H                            00000000
_FSR2Hbits                        00000000
_FSR2L                            00000000
_HLVDCON                          00000000
_HLVDCONbits                      00000000
_INDF0                            00000000
_INDF1                            00000000
_INDF2                            00000000
_INTCON                           00000000
_INTCON2                          00000000
_INTCON2bits                      00000000
_INTCON3                          00000000
_INTCON3bits                      00000000
_INTCONbits                       00000000
_IPR1                             00000000
_IPR1bits                         00000000
_IPR2                             00000000
_IPR2bits                         00000000
_LATA                             00000000
_LATAbits                         00000000
_LATB                             00000000
_LATBbits                         00000000
_LATC                             00000000
_LATCbits                         00000000
_LATD                             00000000
_LATDbits                         00000000
gpasm-0.13.4 beta               picon.asm   7-27-2012  21:33:24          PAGE 22


LOC  OBJECT CODE     LINE SOURCE TEXT
  VALUE
 
_LATE                             00000000
_LATEbits                         00000000
_OSCCON                           00000000
_OSCCONbits                       00000000
_OSCTUNE                          00000000
_OSCTUNEbits                      00000000
_PCL                              00000000
_PCLATH                           00000000
_PCLATHbits                       00000000
_PCLATU                           00000000
_PCLATUbits                       00000000
_PIE1                             00000000
_PIE1bits                         00000000
_PIE2                             00000000
_PIE2bits                         00000000
_PIR1                             00000000
_PIR1bits                         00000000
_PIR2                             00000000
_PIR2bits                         00000000
_PLUSW0                           00000000
_PLUSW1                           00000000
_PLUSW2                           00000000
_PORTA                            00000000
_PORTAbits                        00000000
_PORTB                            00000000
_PORTBbits                        00000000
_PORTC                            00000000
_PORTCbits                        00000000
_PORTD                            00000000
_PORTDbits                        00000000
_PORTE                            00000000
_PORTEbits                        00000000
_POSTDEC0                         00000000
_POSTDEC1                         00000000
_POSTDEC2                         00000000
_POSTINC0                         00000000
_POSTINC1                         00000000
_POSTINC2                         00000000
_PR2                              00000000
_PREINC0                          00000000
_PREINC1                          00000000
_PREINC2                          00000000
_PRODH                            00000000
_PRODL                            00000000
_Picon_InBuffer                   00000000
_RCON                             00000000
_RCONbits                         00000000
_RCREG                            00000000
_RCSTA                            00000000
_RCSTAbits                        00000000
_SPBRG                            00000000
_SPBRGH                           00000000
_SPPCFG                           00000000
_SPPCFGbits                       00000000
gpasm-0.13.4 beta               picon.asm   7-27-2012  21:33:24          PAGE 23


LOC  OBJECT CODE     LINE SOURCE TEXT
  VALUE
 
_SPPCON                           00000000
_SPPCONbits                       00000000
_SPPDATA                          00000000
_SPPDATAbits                      00000000
_SPPEPS                           00000000
_SPPEPSbits                       00000000
_SSPADD                           00000000
_SSPBUF                           00000000
_SSPCON1                          00000000
_SSPCON1bits                      00000000
_SSPCON2                          00000000
_SSPCON2bits                      00000000
_SSPSTAT                          00000000
_SSPSTATbits                      00000000
_STATUS                           00000000
_STATUSbits                       00000000
_STKPTR                           00000000
_STKPTRbits                       00000000
_T0CON                            00000000
_T0CONbits                        00000000
_T1CON                            00000000
_T1CONbits                        00000000
_T2CON                            00000000
_T2CONbits                        00000000
_T3CON                            00000000
_T3CONbits                        00000000
_TABLAT                           00000000
_TBLPTRH                          00000000
_TBLPTRL                          00000000
_TBLPTRU                          00000000
_TBLPTRUbits                      00000000
_TMR0H                            00000000
_TMR0L                            00000000
_TMR1H                            00000000
_TMR1L                            00000000
_TMR2                             00000000
_TMR3H                            00000000
_TMR3L                            00000000
_TOSH                             00000000
_TOSL                             00000000
_TOSU                             00000000
_TOSUbits                         00000000
_TRISA                            00000000
_TRISAbits                        00000000
_TRISB                            00000000
_TRISBbits                        00000000
_TRISC                            00000000
_TRISCbits                        00000000
_TRISD                            00000000
_TRISDbits                        00000000
_TRISE                            00000000
_TRISEbits                        00000000
_TXREG                            00000000
_TXSTA                            00000000
gpasm-0.13.4 beta               picon.asm   7-27-2012  21:33:24          PAGE 24


LOC  OBJECT CODE     LINE SOURCE TEXT
  VALUE
 
_TXSTAbits                        00000000
_UADDR                            00000000
_UADDRbits                        00000000
_UCFG                             00000000
_UCFGbits                         00000000
_UCON                             00000000
_UCONbits                         00000000
_UEIE                             00000000
_UEIEbits                         00000000
_UEIR                             00000000
_UEIRbits                         00000000
_UEP0                             00000000
_UEP0bits                         00000000
_UEP1                             00000000
_UEP10                            00000000
_UEP10bits                        00000000
_UEP11                            00000000
_UEP11bits                        00000000
_UEP12                            00000000
_UEP12bits                        00000000
_UEP13                            00000000
_UEP13bits                        00000000
_UEP14                            00000000
_UEP14bits                        00000000
_UEP15                            00000000
_UEP15bits                        00000000
_UEP1bits                         00000000
_UEP2                             00000000
_UEP2bits                         00000000
_UEP3                             00000000
_UEP3bits                         00000000
_UEP4                             00000000
_UEP4bits                         00000000
_UEP5                             00000000
_UEP5bits                         00000000
_UEP6                             00000000
_UEP6bits                         00000000
_UEP7                             00000000
_UEP7bits                         00000000
_UEP8                             00000000
_UEP8bits                         00000000
_UEP9                             00000000
_UEP9bits                         00000000
_UFRMH                            00000000
_UFRMHbits                        00000000
_UFRML                            00000000
_UFRMLbits                        00000000
_UIE                              00000000
_UIEbits                          00000000
_UIR                              00000000
_UIRbits                          00000000
_USTAT                            00000000
_USTATbits                        00000000
_WDTCON                           00000000
gpasm-0.13.4 beta               picon.asm   7-27-2012  21:33:24          PAGE 25


LOC  OBJECT CODE     LINE SOURCE TEXT
  VALUE
 
_WDTCONbits                       00000000
_WREG                             00000000
__18F4550                         00000001
__gptrput1                        00000000
_bottom                           00000000
_ep_bdt                           00000000
_fill_in_buffer                   00000000
_last_packet_was_void             00000000
_num_bytes                        00000000
_num_bytes_to_send                00000000
_picon_buffer_size                00000000
_picon_ep                         00000000
_picon_in                         00000000
_picon_init                       00000000
_prepare_in                       00000000
_prepare_next_packet              00000000
_putchar                          00000000
_send_in_progress                 00000000
_stdin                            00000000
_stdout                           00000000
_tmp_bottom                       00000000
_top                              00000000
_usb_active_alt_setting           00000000
_usb_active_cfg                   00000000
_usb_device_state                 00000000
r0x00                             00000000
r0x01                             00000001
r0x02                             00000002
r0x03                             00000003
r0x04                             00000004
r0x05                             00000005
r0x06                             00000006
r0x07                             00000007


Errors   :       0
Warnings :       0 reported,       0 suppressed
Messages :       0 reported,       0 suppressed

