This file contains any messages produced by compilers while
running configure, to aid debugging if configure makes a mistake.

It was created by docker configure 1.2, which was
generated by GNU Autoconf 2.67.  Invocation command line was

  $ ./configure 

## --------- ##
## Platform. ##
## --------- ##

hostname = localhost.localdomain
uname -m = x86_64
uname -r = 3.5.2-1.fc17.x86_64
uname -s = Linux
uname -v = #1 SMP Wed Aug 15 16:09:27 UTC 2012

/usr/bin/uname -p = x86_64
/bin/uname -X     = unknown

/bin/arch              = x86_64
/usr/bin/arch -k       = unknown
/usr/convex/getsysinfo = unknown
/usr/bin/hostinfo      = unknown
/bin/machine           = unknown
/usr/bin/oslevel       = unknown
/bin/universe          = unknown

PATH: /usr/lib64/qt-3.3/bin
PATH: /usr/local/bin
PATH: /usr/bin
PATH: /bin
PATH: /usr/local/sbin
PATH: /usr/sbin
PATH: /usr/lib64/alliance/bin
PATH: /usr/libexec/sdcc
PATH: /home/valentin/.local/bin
PATH: /home/valentin/bin
PATH: /usr/lib64/alliance/bin
PATH: /usr/libexec/sdcc


## ----------- ##
## Core tests. ##
## ----------- ##

configure:2147: checking for a BSD-compatible install
configure:2215: result: /usr/bin/install -c
configure:2226: checking whether build environment is sane
configure:2276: result: yes
configure:2417: checking for a thread-safe mkdir -p
configure:2456: result: /usr/bin/mkdir -p
configure:2469: checking for gawk
configure:2485: found /usr/bin/gawk
configure:2496: result: gawk
configure:2507: checking whether make sets $(MAKE)
configure:2529: result: yes
configure:2672: checking for g++
configure:2688: found /usr/bin/g++
configure:2699: result: g++
configure:2726: checking for C++ compiler version
configure:2735: g++ --version >&5
g++ (GCC) 4.7.0 20120507 (Red Hat 4.7.0-5)
Copyright (C) 2012 Free Software Foundation, Inc.
This is free software; see the source for copying conditions.  There is NO
warranty; not even for MERCHANTABILITY or FITNESS FOR A PARTICULAR PURPOSE.

configure:2746: $? = 0
configure:2735: g++ -v >&5
Using built-in specs.
COLLECT_GCC=g++
COLLECT_LTO_WRAPPER=/usr/libexec/gcc/x86_64-redhat-linux/4.7.0/lto-wrapper
Target: x86_64-redhat-linux
Configured with: ../configure --prefix=/usr --mandir=/usr/share/man --infodir=/usr/share/info --with-bugurl=http://bugzilla.redhat.com/bugzilla --enable-bootstrap --enable-shared --enable-threads=posix --enable-checking=release --disable-build-with-cxx --disable-build-poststage1-with-cxx --with-system-zlib --enable-__cxa_atexit --disable-libunwind-exceptions --enable-gnu-unique-object --enable-linker-build-id --with-linker-hash-style=gnu --enable-languages=c,c++,objc,obj-c++,java,fortran,ada,go,lto --enable-plugin --enable-initfini-array --enable-java-awt=gtk --disable-dssi --with-java-home=/usr/lib/jvm/java-1.5.0-gcj-1.5.0.0/jre --enable-libgcj-multifile --enable-java-maintainer-mode --with-ecj-jar=/usr/share/java/eclipse-ecj.jar --disable-libjava-multilib --with-ppl --with-cloog --with-tune=generic --with-arch_32=i686 --build=x86_64-redhat-linux
Thread model: posix
gcc version 4.7.0 20120507 (Red Hat 4.7.0-5) (GCC) 
configure:2746: $? = 0
configure:2735: g++ -V >&5
g++: error: unrecognized command line option '-V'
g++: fatal error: no input files
compilation terminated.
configure:2746: $? = 4
configure:2735: g++ -qversion >&5
g++: error: unrecognized command line option '-qversion'
g++: fatal error: no input files
compilation terminated.
configure:2746: $? = 4
configure:2766: checking whether the C++ compiler works
configure:2788: g++    conftest.cpp  >&5
configure:2792: $? = 0
configure:2840: result: yes
configure:2843: checking for C++ compiler default output file name
configure:2845: result: a.out
configure:2851: checking for suffix of executables
configure:2858: g++ -o conftest    conftest.cpp  >&5
configure:2862: $? = 0
configure:2884: result: 
configure:2906: checking whether we are cross compiling
configure:2914: g++ -o conftest    conftest.cpp  >&5
configure:2918: $? = 0
configure:2925: ./conftest
configure:2929: $? = 0
configure:2944: result: no
configure:2949: checking for suffix of object files
configure:2971: g++ -c   conftest.cpp >&5
configure:2975: $? = 0
configure:2996: result: o
configure:3000: checking whether we are using the GNU C++ compiler
configure:3019: g++ -c   conftest.cpp >&5
configure:3019: $? = 0
configure:3028: result: yes
configure:3037: checking whether g++ accepts -g
configure:3057: g++ -c -g  conftest.cpp >&5
configure:3057: $? = 0
configure:3098: result: yes
configure:3132: checking for style of include used by make
configure:3160: result: GNU
configure:3185: checking dependency style of g++
configure:3295: result: gcc3
configure:3366: checking for pkg-config
configure:3384: found /usr/bin/pkg-config
configure:3396: result: /usr/bin/pkg-config
configure:3421: checking pkg-config is at least version 0.9.0
configure:3424: result: yes
configure:3434: checking for libusb
configure:3441: $PKG_CONFIG --exists --print-errors "libusb"
configure:3444: $? = 0
configure:3457: $PKG_CONFIG --exists --print-errors "libusb"
configure:3460: $? = 0
configure:3517: result: yes
configure:3571: checking for gcc
configure:3587: found /usr/bin/gcc
configure:3598: result: gcc
configure:3827: checking for C compiler version
configure:3836: gcc --version >&5
gcc (GCC) 4.7.0 20120507 (Red Hat 4.7.0-5)
Copyright (C) 2012 Free Software Foundation, Inc.
This is free software; see the source for copying conditions.  There is NO
warranty; not even for MERCHANTABILITY or FITNESS FOR A PARTICULAR PURPOSE.

configure:3847: $? = 0
configure:3836: gcc -v >&5
Using built-in specs.
COLLECT_GCC=gcc
COLLECT_LTO_WRAPPER=/usr/libexec/gcc/x86_64-redhat-linux/4.7.0/lto-wrapper
Target: x86_64-redhat-linux
Configured with: ../configure --prefix=/usr --mandir=/usr/share/man --infodir=/usr/share/info --with-bugurl=http://bugzilla.redhat.com/bugzilla --enable-bootstrap --enable-shared --enable-threads=posix --enable-checking=release --disable-build-with-cxx --disable-build-poststage1-with-cxx --with-system-zlib --enable-__cxa_atexit --disable-libunwind-exceptions --enable-gnu-unique-object --enable-linker-build-id --with-linker-hash-style=gnu --enable-languages=c,c++,objc,obj-c++,java,fortran,ada,go,lto --enable-plugin --enable-initfini-array --enable-java-awt=gtk --disable-dssi --with-java-home=/usr/lib/jvm/java-1.5.0-gcj-1.5.0.0/jre --enable-libgcj-multifile --enable-java-maintainer-mode --with-ecj-jar=/usr/share/java/eclipse-ecj.jar --disable-libjava-multilib --with-ppl --with-cloog --with-tune=generic --with-arch_32=i686 --build=x86_64-redhat-linux
Thread model: posix
gcc version 4.7.0 20120507 (Red Hat 4.7.0-5) (GCC) 
configure:3847: $? = 0
configure:3836: gcc -V >&5
gcc: error: unrecognized command line option '-V'
gcc: fatal error: no input files
compilation terminated.
configure:3847: $? = 4
configure:3836: gcc -qversion >&5
gcc: error: unrecognized command line option '-qversion'
gcc: fatal error: no input files
compilation terminated.
configure:3847: $? = 4
configure:3851: checking whether we are using the GNU C compiler
configure:3870: gcc -c   conftest.c >&5
configure:3870: $? = 0
configure:3879: result: yes
configure:3888: checking whether gcc accepts -g
configure:3908: gcc -c -g  conftest.c >&5
configure:3908: $? = 0
configure:3949: result: yes
configure:3966: checking for gcc option to accept ISO C89
configure:4030: gcc  -c -g -O2  conftest.c >&5
configure:4030: $? = 0
configure:4043: result: none needed
configure:4065: checking dependency style of gcc
configure:4175: result: gcc3
configure:4196: checking how to run the C preprocessor
configure:4227: gcc -E  conftest.c
configure:4227: $? = 0
configure:4241: gcc -E  conftest.c
conftest.c:11:28: fatal error: ac_nonexistent.h: No such file or directory
compilation terminated.
configure:4241: $? = 1
configure: failed program was:
| /* confdefs.h */
| #define PACKAGE_NAME "docker"
| #define PACKAGE_TARNAME "docker"
| #define PACKAGE_VERSION "1.2"
| #define PACKAGE_STRING "docker 1.2"
| #define PACKAGE_BUGREPORT "vasco-project@lists.gforge.enseeiht.fr"
| #define PACKAGE_URL ""
| #define PACKAGE "docker"
| #define VERSION "1.2"
| /* end confdefs.h.  */
| #include <ac_nonexistent.h>
configure:4266: result: gcc -E
configure:4286: gcc -E  conftest.c
configure:4286: $? = 0
configure:4300: gcc -E  conftest.c
conftest.c:11:28: fatal error: ac_nonexistent.h: No such file or directory
compilation terminated.
configure:4300: $? = 1
configure: failed program was:
| /* confdefs.h */
| #define PACKAGE_NAME "docker"
| #define PACKAGE_TARNAME "docker"
| #define PACKAGE_VERSION "1.2"
| #define PACKAGE_STRING "docker 1.2"
| #define PACKAGE_BUGREPORT "vasco-project@lists.gforge.enseeiht.fr"
| #define PACKAGE_URL ""
| #define PACKAGE "docker"
| #define VERSION "1.2"
| /* end confdefs.h.  */
| #include <ac_nonexistent.h>
configure:4329: checking for grep that handles long lines and -e
configure:4387: result: /usr/bin/grep
configure:4392: checking for egrep
configure:4454: result: /usr/bin/grep -E
configure:4459: checking for ANSI C header files
configure:4479: gcc -c -g -O2  conftest.c >&5
configure:4479: $? = 0
configure:4552: gcc -o conftest -g -O2   conftest.c  >&5
configure:4552: $? = 0
configure:4552: ./conftest
configure:4552: $? = 0
configure:4563: result: yes
configure:4583: checking how to run the C++ preprocessor
configure:4610: g++ -E  conftest.cpp
configure:4610: $? = 0
configure:4624: g++ -E  conftest.cpp
conftest.cpp:12:28: fatal error: ac_nonexistent.h: No such file or directory
compilation terminated.
configure:4624: $? = 1
configure: failed program was:
| /* confdefs.h */
| #define PACKAGE_NAME "docker"
| #define PACKAGE_TARNAME "docker"
| #define PACKAGE_VERSION "1.2"
| #define PACKAGE_STRING "docker 1.2"
| #define PACKAGE_BUGREPORT "vasco-project@lists.gforge.enseeiht.fr"
| #define PACKAGE_URL ""
| #define PACKAGE "docker"
| #define VERSION "1.2"
| #define STDC_HEADERS 1
| /* end confdefs.h.  */
| #include <ac_nonexistent.h>
configure:4649: result: g++ -E
configure:4669: g++ -E  conftest.cpp
configure:4669: $? = 0
configure:4683: g++ -E  conftest.cpp
conftest.cpp:12:28: fatal error: ac_nonexistent.h: No such file or directory
compilation terminated.
configure:4683: $? = 1
configure: failed program was:
| /* confdefs.h */
| #define PACKAGE_NAME "docker"
| #define PACKAGE_TARNAME "docker"
| #define PACKAGE_VERSION "1.2"
| #define PACKAGE_STRING "docker 1.2"
| #define PACKAGE_BUGREPORT "vasco-project@lists.gforge.enseeiht.fr"
| #define PACKAGE_URL ""
| #define PACKAGE "docker"
| #define VERSION "1.2"
| #define STDC_HEADERS 1
| /* end confdefs.h.  */
| #include <ac_nonexistent.h>
configure:4717: checking for sys/types.h
configure:4717: g++ -c -g -O2  conftest.cpp >&5
configure:4717: $? = 0
configure:4717: result: yes
configure:4717: checking for sys/stat.h
configure:4717: g++ -c -g -O2  conftest.cpp >&5
configure:4717: $? = 0
configure:4717: result: yes
configure:4717: checking for stdlib.h
configure:4717: g++ -c -g -O2  conftest.cpp >&5
configure:4717: $? = 0
configure:4717: result: yes
configure:4717: checking for string.h
configure:4717: g++ -c -g -O2  conftest.cpp >&5
configure:4717: $? = 0
configure:4717: result: yes
configure:4717: checking for memory.h
configure:4717: g++ -c -g -O2  conftest.cpp >&5
configure:4717: $? = 0
configure:4717: result: yes
configure:4717: checking for strings.h
configure:4717: g++ -c -g -O2  conftest.cpp >&5
configure:4717: $? = 0
configure:4717: result: yes
configure:4717: checking for inttypes.h
configure:4717: g++ -c -g -O2  conftest.cpp >&5
configure:4717: $? = 0
configure:4717: result: yes
configure:4717: checking for stdint.h
configure:4717: g++ -c -g -O2  conftest.cpp >&5
configure:4717: $? = 0
configure:4717: result: yes
configure:4717: checking for unistd.h
configure:4717: g++ -c -g -O2  conftest.cpp >&5
configure:4717: $? = 0
configure:4717: result: yes
configure:4732: checking string usability
configure:4732: g++ -c -g -O2  conftest.cpp >&5
configure:4732: $? = 0
configure:4732: result: yes
configure:4732: checking string presence
configure:4732: g++ -E  conftest.cpp
configure:4732: $? = 0
configure:4732: result: yes
configure:4732: checking for string
configure:4732: result: yes
configure:4732: checking map usability
configure:4732: g++ -c -g -O2  conftest.cpp >&5
configure:4732: $? = 0
configure:4732: result: yes
configure:4732: checking map presence
configure:4732: g++ -E  conftest.cpp
configure:4732: $? = 0
configure:4732: result: yes
configure:4732: checking for map
configure:4732: result: yes
configure:4732: checking vector usability
configure:4732: g++ -c -g -O2  conftest.cpp >&5
configure:4732: $? = 0
configure:4732: result: yes
configure:4732: checking vector presence
configure:4732: g++ -E  conftest.cpp
configure:4732: $? = 0
configure:4732: result: yes
configure:4732: checking for vector
configure:4732: result: yes
configure:4732: checking exception usability
configure:4732: g++ -c -g -O2  conftest.cpp >&5
configure:4732: $? = 0
configure:4732: result: yes
configure:4732: checking exception presence
configure:4732: g++ -E  conftest.cpp
configure:4732: $? = 0
configure:4732: result: yes
configure:4732: checking for exception
configure:4732: result: yes
configure:4882: creating ./config.status

## ---------------------- ##
## Running config.status. ##
## ---------------------- ##

This file was extended by docker config.status 1.2, which was
generated by GNU Autoconf 2.67.  Invocation command line was

  CONFIG_FILES    = 
  CONFIG_HEADERS  = 
  CONFIG_LINKS    = 
  CONFIG_COMMANDS = 
  $ ./config.status 

on localhost.localdomain

config.status:873: creating Makefile
config.status:873: creating src/Makefile
config.status:873: creating config.h
config.status:1101: executing depfiles commands

## ---------------- ##
## Cache variables. ##
## ---------------- ##

ac_cv_c_compiler_gnu=yes
ac_cv_cxx_compiler_gnu=yes
ac_cv_env_CCC_set=
ac_cv_env_CCC_value=
ac_cv_env_CC_set=
ac_cv_env_CC_value=
ac_cv_env_CFLAGS_set=
ac_cv_env_CFLAGS_value=
ac_cv_env_CPPFLAGS_set=
ac_cv_env_CPPFLAGS_value=
ac_cv_env_CPP_set=
ac_cv_env_CPP_value=
ac_cv_env_CXXCPP_set=
ac_cv_env_CXXCPP_value=
ac_cv_env_CXXFLAGS_set=
ac_cv_env_CXXFLAGS_value=
ac_cv_env_CXX_set=
ac_cv_env_CXX_value=
ac_cv_env_LDFLAGS_set=
ac_cv_env_LDFLAGS_value=
ac_cv_env_LIBS_set=
ac_cv_env_LIBS_value=
ac_cv_env_PKG_CONFIG_LIBDIR_set=
ac_cv_env_PKG_CONFIG_LIBDIR_value=
ac_cv_env_PKG_CONFIG_PATH_set=
ac_cv_env_PKG_CONFIG_PATH_value=
ac_cv_env_PKG_CONFIG_set=
ac_cv_env_PKG_CONFIG_value=
ac_cv_env_build_alias_set=
ac_cv_env_build_alias_value=
ac_cv_env_host_alias_set=
ac_cv_env_host_alias_value=
ac_cv_env_libusb_CFLAGS_set=
ac_cv_env_libusb_CFLAGS_value=
ac_cv_env_libusb_LIBS_set=
ac_cv_env_libusb_LIBS_value=
ac_cv_env_target_alias_set=
ac_cv_env_target_alias_value=
ac_cv_header_exception=yes
ac_cv_header_inttypes_h=yes
ac_cv_header_map=yes
ac_cv_header_memory_h=yes
ac_cv_header_stdc=yes
ac_cv_header_stdint_h=yes
ac_cv_header_stdlib_h=yes
ac_cv_header_string=yes
ac_cv_header_string_h=yes
ac_cv_header_strings_h=yes
ac_cv_header_sys_stat_h=yes
ac_cv_header_sys_types_h=yes
ac_cv_header_unistd_h=yes
ac_cv_header_vector=yes
ac_cv_objext=o
ac_cv_path_EGREP='/usr/bin/grep -E'
ac_cv_path_GREP=/usr/bin/grep
ac_cv_path_ac_pt_PKG_CONFIG=/usr/bin/pkg-config
ac_cv_path_install='/usr/bin/install -c'
ac_cv_path_mkdir=/usr/bin/mkdir
ac_cv_prog_AWK=gawk
ac_cv_prog_CPP='gcc -E'
ac_cv_prog_CXXCPP='g++ -E'
ac_cv_prog_ac_ct_CC=gcc
ac_cv_prog_ac_ct_CXX=g++
ac_cv_prog_cc_c89=
ac_cv_prog_cc_g=yes
ac_cv_prog_cxx_g=yes
ac_cv_prog_make_make_set=yes
am_cv_CC_dependencies_compiler_type=gcc3
am_cv_CXX_dependencies_compiler_type=gcc3
pkg_cv_libusb_CFLAGS=' '
pkg_cv_libusb_LIBS='-L/lib64 -lusb  '

## ----------------- ##
## Output variables. ##
## ----------------- ##

ACLOCAL='${SHELL} /home/valentin/Descargas/docker-1.2/missing --run aclocal-1.11'
AMDEPBACKSLASH='\'
AMDEP_FALSE='#'
AMDEP_TRUE=''
AMTAR='${SHELL} /home/valentin/Descargas/docker-1.2/missing --run tar'
AUTOCONF='${SHELL} /home/valentin/Descargas/docker-1.2/missing --run autoconf'
AUTOHEADER='${SHELL} /home/valentin/Descargas/docker-1.2/missing --run autoheader'
AUTOMAKE='${SHELL} /home/valentin/Descargas/docker-1.2/missing --run automake-1.11'
AWK='gawk'
CC='gcc'
CCDEPMODE='depmode=gcc3'
CFLAGS='-g -O2'
CPP='gcc -E'
CPPFLAGS=''
CXX='g++'
CXXCPP='g++ -E'
CXXDEPMODE='depmode=gcc3'
CXXFLAGS='-g -O2'
CYGPATH_W='echo'
DEFS='-DHAVE_CONFIG_H'
DEPDIR='.deps'
ECHO_C=''
ECHO_N='-n'
ECHO_T=''
EGREP='/usr/bin/grep -E'
EXEEXT=''
GREP='/usr/bin/grep'
INSTALL_DATA='${INSTALL} -m 644'
INSTALL_PROGRAM='${INSTALL}'
INSTALL_SCRIPT='${INSTALL}'
INSTALL_STRIP_PROGRAM='$(install_sh) -c -s'
LDFLAGS=''
LIBOBJS=''
LIBS=''
LTLIBOBJS=''
MAKEINFO='${SHELL} /home/valentin/Descargas/docker-1.2/missing --run makeinfo'
MKDIR_P='/usr/bin/mkdir -p'
OBJEXT='o'
PACKAGE='docker'
PACKAGE_BUGREPORT='vasco-project@lists.gforge.enseeiht.fr'
PACKAGE_NAME='docker'
PACKAGE_STRING='docker 1.2'
PACKAGE_TARNAME='docker'
PACKAGE_URL=''
PACKAGE_VERSION='1.2'
PATH_SEPARATOR=':'
PKG_CONFIG='/usr/bin/pkg-config'
PKG_CONFIG_LIBDIR=''
PKG_CONFIG_PATH=''
SET_MAKE=''
SHELL='/bin/sh'
STRIP=''
VERSION='1.2'
ac_ct_CC='gcc'
ac_ct_CXX='g++'
am__EXEEXT_FALSE=''
am__EXEEXT_TRUE='#'
am__fastdepCC_FALSE='#'
am__fastdepCC_TRUE=''
am__fastdepCXX_FALSE='#'
am__fastdepCXX_TRUE=''
am__include='include'
am__isrc=''
am__leading_dot='.'
am__quote=''
am__tar='${AMTAR} chof - "$$tardir"'
am__untar='${AMTAR} xf -'
bindir='${exec_prefix}/bin'
build_alias=''
datadir='${datarootdir}'
datarootdir='${prefix}/share'
docdir='${datarootdir}/doc/${PACKAGE_TARNAME}'
dvidir='${docdir}'
exec_prefix='${prefix}'
host_alias=''
htmldir='${docdir}'
includedir='${prefix}/include'
infodir='${datarootdir}/info'
install_sh='${SHELL} /home/valentin/Descargas/docker-1.2/install-sh'
libdir='${exec_prefix}/lib'
libexecdir='${exec_prefix}/libexec'
libusb_CFLAGS=' '
libusb_LIBS='-L/lib64 -lusb  '
localedir='${datarootdir}/locale'
localstatedir='${prefix}/var'
mandir='${datarootdir}/man'
mkdir_p='/usr/bin/mkdir -p'
oldincludedir='/usr/include'
pdfdir='${docdir}'
prefix='/usr/local'
program_transform_name='s,x,x,'
psdir='${docdir}'
sbindir='${exec_prefix}/sbin'
sharedstatedir='${prefix}/com'
sysconfdir='${prefix}/etc'
target_alias=''

## ----------- ##
## confdefs.h. ##
## ----------- ##

/* confdefs.h */
#define PACKAGE_NAME "docker"
#define PACKAGE_TARNAME "docker"
#define PACKAGE_VERSION "1.2"
#define PACKAGE_STRING "docker 1.2"
#define PACKAGE_BUGREPORT "vasco-project@lists.gforge.enseeiht.fr"
#define PACKAGE_URL ""
#define PACKAGE "docker"
#define VERSION "1.2"
#define STDC_HEADERS 1
#define HAVE_SYS_TYPES_H 1
#define HAVE_SYS_STAT_H 1
#define HAVE_STDLIB_H 1
#define HAVE_STRING_H 1
#define HAVE_MEMORY_H 1
#define HAVE_STRINGS_H 1
#define HAVE_INTTYPES_H 1
#define HAVE_STDINT_H 1
#define HAVE_UNISTD_H 1
#define HAVE_STRING 1
#define HAVE_MAP 1
#define HAVE_VECTOR 1
#define HAVE_EXCEPTION 1

configure: exit 0
