gpasm-0.13.4 beta               usb_descriptors.asm7-27-2012  21:36:14          PAGE  1


LOC  OBJECT CODE     LINE SOURCE TEXT
  VALUE
 
               00001 ;--------------------------------------------------------
               00002 ; File Created by SDCC : FreeWare ANSI-C Compiler
               00003 ; Version 2.6.1 #4482 (Jul 27 2012)
               00004 ; This file generated Fri Jul 27 21:36:14 2012
               00005 ;--------------------------------------------------------
               00006 ; PIC16 port for the Microchip 16-bit core micros
               00007 ;--------------------------------------------------------
               00008         list    p=18f4550
               00009 
               00010         radix dec
               00011 
               00012 ;--------------------------------------------------------
               00013 ; public variables in this module
               00014 ;--------------------------------------------------------
               00015         global _null_function
               00016         global _boot_device_descriptor
               00017         global _boot_default_cfg
               00018         global _boot_flash_cfg
               00019         global _boot_configuration_descriptor
               00020         global _str0
               00021         global _str1
               00022         global _str2
               00023         global _str3
               00024         global _str4
               00025         global _str5
               00026         global _boot_string_descriptor
               00027         global _boot_ep_init
               00028         global _boot_ep_in
               00029         global _boot_ep_out
               00030         global _boot_ep_setup
               00031 
               00032 ;--------------------------------------------------------
               00033 ; extern variables in this module
               00034 ;--------------------------------------------------------
               00035         extern _section_descriptor
               00036         extern _ep0_init
               00037         extern _ep1_init
               00038         extern _ep2_init
               00039         extern _ep0_in
               00040         extern _ep2_in
               00041         extern _ep1_out
               00042         extern _ep0_setup
               00043 
               00044 ;--------------------------------------------------------
               00045 ; global & static initialisations
               00046 ;--------------------------------------------------------
               00047 ; I code from now on!
               00048 ; ; Starting pCode block
               00049 S_usb_descriptors__null_function        code
0000           00050 _null_function:
0000 0012      00051         return
               00052         
               00053 ; ; Starting pCode block for Ival
               00054         code
gpasm-0.13.4 beta               usb_descriptors.asm7-27-2012  21:36:14          PAGE  2


LOC  OBJECT CODE     LINE SOURCE TEXT
  VALUE
 
0000           00055 _boot_device_descriptor:
0000 0112 0200 00056         DB      0x12, 0x01, 0x00, 0x02, 0xff, 0x00, 0xff, 0x08, 0xd8, 0x04, 0xaa, 0xfe
0004 00FF 08FF
0008 04D8 FEAA
000C 0001 0201 00057         DB      0x01, 0x00, 0x01, 0x02, 0x03, 0x02
0010 0203
               00058 ; ; Starting pCode block for Ival
0012           00059 _boot_default_cfg:
0012 0209 0012 00060         DB      0x09, 0x02, 0x12, 0x00, 0x01, 0x01, 0x04, 0xc0, 0x00, 0x09, 0x04, 0x00
0016 0101 C004
001A 0900 0004
001E 0000 FFFF 00061         DB      0x00, 0x00, 0xff, 0xff, 0xff, 0x04
0022 04FF
               00062 ; ; Starting pCode block for Ival
0024           00063 _boot_flash_cfg:
0024 0209 0020 00064         DB      0x09, 0x02, 0x20, 0x00, 0x01, 0x02, 0x05, 0xc0, 0x00, 0x09, 0x04, 0x00
0028 0201 C005
002C 0900 0004
0030 0200 FFFF 00065         DB      0x00, 0x02, 0xff, 0xff, 0xff, 0x05, 0x07, 0x05, 0x01, 0x02, 0x40, 0x00
0034 05FF 0507
0038 0201 0040
003C 0700 8205 00066         DB      0x00, 0x07, 0x05, 0x82, 0x02, 0x40, 0x00, 0x00
0040 4002 0000
               00067 ; ; Starting pCode block for Ival
0044           00068 _boot_configuration_descriptor:
0044 0000 0000 00069         DB      LOW(_boot_default_cfg), HIGH(_boot_default_cfg), UPPER(_boot_default_cfg), LOW(_boot_flash_cfg), HIGH(_boot_flash_cfg), UPPER(_boot_flash_cfg)
0048 0000
               00070 ; ; Starting pCode block for Ival
004A           00071 _str0:
004A 0304 0409 00072         DB      0x04, 0x03, 0x09, 0x04
               00073 ; ; Starting pCode block for Ival
004E           00074 _str1:
004E 0326 004A 00075         DB      0x26, 0x03, 0x4a, 0x00, 0x65, 0x00, 0x61, 0x00, 0x6e, 0x00, 0x2d, 0x00
0052 0065 0061
0056 006E 002D
005A 0050 0069 00076         DB      0x50, 0x00, 0x69, 0x00, 0x65, 0x00, 0x72, 0x00, 0x72, 0x00, 0x65, 0x00
005E 0065 0072
0062 0072 0065
0066 0020 004D 00077         DB      0x20, 0x00, 0x4d, 0x00, 0x41, 0x00, 0x4e, 0x00, 0x44, 0x00, 0x4f, 0x00
006A 0041 004E
006E 0044 004F
0072 004E      00078         DB      0x4e, 0x00
               00079 ; ; Starting pCode block for Ival
0074           00080 _str2:
0074 0322 0050 00081         DB      0x22, 0x03, 0x50, 0x00, 0x69, 0x00, 0x6e, 0x00, 0x67, 0x00, 0x75, 0x00
0078 0069 006E
007C 0067 0075
0080 0069 006E 00082         DB      0x69, 0x00, 0x6e, 0x00, 0x6f, 0x00, 0x20, 0x00, 0x50, 0x00, 0x72, 0x00
0084 006F 0020
0088 0050 0072
008C 006F 006A 00083         DB      0x6f, 0x00, 0x6a, 0x00, 0x65, 0x00, 0x63, 0x00, 0x74, 0x00
0090 0065 0063
0094 0074
               00084 ; ; Starting pCode block for Ival
gpasm-0.13.4 beta               usb_descriptors.asm7-27-2012  21:36:14          PAGE  3


LOC  OBJECT CODE     LINE SOURCE TEXT
  VALUE
 
0096           00085 _str3:
0096 0304 0031 00086         DB      0x04, 0x03, 0x31, 0x00
               00087 ; ; Starting pCode block for Ival
009A           00088 _str4:
009A 0310 0044 00089         DB      0x10, 0x03, 0x44, 0x00, 0x65, 0x00, 0x66, 0x00, 0x61, 0x00, 0x75, 0x00
009E 0065 0066
00A2 0061 0075
00A6 006C 0074 00090         DB      0x6c, 0x00, 0x74, 0x00
               00091 ; ; Starting pCode block for Ival
00AA           00092 _str5:
00AA 030C 0046 00093         DB      0x0c, 0x03, 0x46, 0x00, 0x6c, 0x00, 0x61, 0x00, 0x73, 0x00, 0x68, 0x00
00AE 006C 0061
00B2 0073 0068
               00094 ; ; Starting pCode block for Ival
00B6           00095 _boot_string_descriptor:
00B6 0000 0000 00096         DB      LOW(_str0), HIGH(_str0), UPPER(_str0), LOW(_str1), HIGH(_str1), UPPER(_str1), LOW(_str2), HIGH(_str2), UPPER(_str2), LOW(_str3), HIGH(_str3), UPPER(_str3)
00BA 0000 0000
00BE 0000 0000
00C2 0000 0000 00097         DB      LOW(_str4), HIGH(_str4), UPPER(_str4), LOW(_str5), HIGH(_str5), UPPER(_str5)
00C6 0000
               00098 ; ; Starting pCode block for Ival
00C8           00099 _boot_ep_init_cfg0:
00C8 0000 0000 00100         DB      LOW(_ep0_init), HIGH(_ep0_init), UPPER(_ep0_init), LOW(_null_function), HIGH(_null_function), UPPER(_null_function), LOW(_null_function), HIGH(_null_function), UPPER(_null_function), LOW(_null_function), HIGH(_null_function), UPPER(_null_function)
00CC 0000 0000
00D0 0000 0000
00D4 0000 0000 00101         DB      LOW(_null_function), HIGH(_null_function), UPPER(_null_function), LOW(_null_function), HIGH(_null_function), UPPER(_null_function), LOW(_null_function), HIGH(_null_function), UPPER(_null_function), LOW(_null_function), HIGH(_null_function), UPPER(_null_function)
00D8 0000 0000
00DC 0000 0000
00E0 0000 0000 00102         DB      LOW(_null_function), HIGH(_null_function), UPPER(_null_function), LOW(_null_function), HIGH(_null_function), UPPER(_null_function), LOW(_null_function), HIGH(_null_function), UPPER(_null_function), LOW(_null_function), HIGH(_null_function), UPPER(_null_function)
00E4 0000 0000
00E8 0000 0000
00EC 0000 0000 00103         DB      LOW(_null_function), HIGH(_null_function), UPPER(_null_function), LOW(_null_function), HIGH(_null_function), UPPER(_null_function), LOW(_null_function), HIGH(_null_function), UPPER(_null_function), LOW(_null_function), HIGH(_null_function), UPPER(_null_function)
00F0 0000 0000
00F4 0000 0000
               00104 ; ; Starting pCode block for Ival
00F8           00105 _boot_ep_init_cfg1:
00F8 0000 0000 00106         DB      LOW(_ep0_init), HIGH(_ep0_init), UPPER(_ep0_init), LOW(_ep1_init), HIGH(_ep1_init), UPPER(_ep1_init), LOW(_ep2_init), HIGH(_ep2_init), UPPER(_ep2_init), LOW(_null_function), HIGH(_null_function), UPPER(_null_function)
00FC 0000 0000
0100 0000 0000
0104 0000 0000 00107         DB      LOW(_null_function), HIGH(_null_function), UPPER(_null_function), LOW(_null_function), HIGH(_null_function), UPPER(_null_function), LOW(_null_function), HIGH(_null_function), UPPER(_null_function), LOW(_null_function), HIGH(_null_function), UPPER(_null_function)
0108 0000 0000
010C 0000 0000
0110 0000 0000 00108         DB      LOW(_null_function), HIGH(_null_function), UPPER(_null_function), LOW(_null_function), HIGH(_null_function), UPPER(_null_function), LOW(_null_function), HIGH(_null_function), UPPER(_null_function), LOW(_null_function), HIGH(_null_function), UPPER(_null_function)
0114 0000 0000
0118 0000 0000
011C 0000 0000 00109         DB      LOW(_null_function), HIGH(_null_function), UPPER(_null_function), LOW(_null_function), HIGH(_null_function), UPPER(_null_function), LOW(_null_function), HIGH(_null_function), UPPER(_null_function), LOW(_null_function), HIGH(_null_function), UPPER(_null_function)
0120 0000 0000
0124 0000 0000
               00110 ; ; Starting pCode block for Ival
0128           00111 _boot_ep_init:
0128 0000 0000 00112         DB      LOW(_boot_ep_init_cfg0), HIGH(_boot_ep_init_cfg0), UPPER(_boot_ep_init_cfg0), LOW(_boot_ep_init_cfg0), HIGH(_boot_ep_init_cfg0), UPPER(_boot_ep_init_cfg0), LOW(_boot_ep_init_cfg1), HIGH(_boot_ep_init_cfg1), UPPER(_boot_ep_init_cfg1)
012C 0000 0000
0130 0000
               00113 ; ; Starting pCode block for Ival
gpasm-0.13.4 beta               usb_descriptors.asm7-27-2012  21:36:14          PAGE  4


LOC  OBJECT CODE     LINE SOURCE TEXT
  VALUE
 
0132           00114 _boot_ep_in_cfg0:
0132 0000 0000 00115         DB      LOW(_ep0_in), HIGH(_ep0_in), UPPER(_ep0_in), LOW(_null_function), HIGH(_null_function), UPPER(_null_function), LOW(_null_function), HIGH(_null_function), UPPER(_null_function), LOW(_null_function), HIGH(_null_function), UPPER(_null_function)
0136 0000 0000
013A 0000 0000
013E 0000 0000 00116         DB      LOW(_null_function), HIGH(_null_function), UPPER(_null_function), LOW(_null_function), HIGH(_null_function), UPPER(_null_function), LOW(_null_function), HIGH(_null_function), UPPER(_null_function), LOW(_null_function), HIGH(_null_function), UPPER(_null_function)
0142 0000 0000
0146 0000 0000
014A 0000 0000 00117         DB      LOW(_null_function), HIGH(_null_function), UPPER(_null_function), LOW(_null_function), HIGH(_null_function), UPPER(_null_function), LOW(_null_function), HIGH(_null_function), UPPER(_null_function), LOW(_null_function), HIGH(_null_function), UPPER(_null_function)
014E 0000 0000
0152 0000 0000
0156 0000 0000 00118         DB      LOW(_null_function), HIGH(_null_function), UPPER(_null_function), LOW(_null_function), HIGH(_null_function), UPPER(_null_function), LOW(_null_function), HIGH(_null_function), UPPER(_null_function), LOW(_null_function), HIGH(_null_function), UPPER(_null_function)
015A 0000 0000
015E 0000 0000
               00119 ; ; Starting pCode block for Ival
0162           00120 _boot_ep_in_cfg1:
0162 0000 0000 00121         DB      LOW(_ep0_in), HIGH(_ep0_in), UPPER(_ep0_in), LOW(_null_function), HIGH(_null_function), UPPER(_null_function), LOW(_ep2_in), HIGH(_ep2_in), UPPER(_ep2_in), LOW(_null_function), HIGH(_null_function), UPPER(_null_function)
0166 0000 0000
016A 0000 0000
016E 0000 0000 00122         DB      LOW(_null_function), HIGH(_null_function), UPPER(_null_function), LOW(_null_function), HIGH(_null_function), UPPER(_null_function), LOW(_null_function), HIGH(_null_function), UPPER(_null_function), LOW(_null_function), HIGH(_null_function), UPPER(_null_function)
0172 0000 0000
0176 0000 0000
017A 0000 0000 00123         DB      LOW(_null_function), HIGH(_null_function), UPPER(_null_function), LOW(_null_function), HIGH(_null_function), UPPER(_null_function), LOW(_null_function), HIGH(_null_function), UPPER(_null_function), LOW(_null_function), HIGH(_null_function), UPPER(_null_function)
017E 0000 0000
0182 0000 0000
0186 0000 0000 00124         DB      LOW(_null_function), HIGH(_null_function), UPPER(_null_function), LOW(_null_function), HIGH(_null_function), UPPER(_null_function), LOW(_null_function), HIGH(_null_function), UPPER(_null_function), LOW(_null_function), HIGH(_null_function), UPPER(_null_function)
018A 0000 0000
018E 0000 0000
               00125 ; ; Starting pCode block for Ival
0192           00126 _boot_ep_in:
0192 0000 0000 00127         DB      LOW(_boot_ep_in_cfg0), HIGH(_boot_ep_in_cfg0), UPPER(_boot_ep_in_cfg0), LOW(_boot_ep_in_cfg0), HIGH(_boot_ep_in_cfg0), UPPER(_boot_ep_in_cfg0), LOW(_boot_ep_in_cfg1), HIGH(_boot_ep_in_cfg1), UPPER(_boot_ep_in_cfg1)
0196 0000 0000
019A 0000
               00128 ; ; Starting pCode block for Ival
019C           00129 _boot_ep_out_cfg0:
019C 0000 0000 00130         DB      LOW(_ep0_init), HIGH(_ep0_init), UPPER(_ep0_init), LOW(_null_function), HIGH(_null_function), UPPER(_null_function), LOW(_null_function), HIGH(_null_function), UPPER(_null_function), LOW(_null_function), HIGH(_null_function), UPPER(_null_function)
01A0 0000 0000
01A4 0000 0000
01A8 0000 0000 00131         DB      LOW(_null_function), HIGH(_null_function), UPPER(_null_function), LOW(_null_function), HIGH(_null_function), UPPER(_null_function), LOW(_null_function), HIGH(_null_function), UPPER(_null_function), LOW(_null_function), HIGH(_null_function), UPPER(_null_function)
01AC 0000 0000
01B0 0000 0000
01B4 0000 0000 00132         DB      LOW(_null_function), HIGH(_null_function), UPPER(_null_function), LOW(_null_function), HIGH(_null_function), UPPER(_null_function), LOW(_null_function), HIGH(_null_function), UPPER(_null_function), LOW(_null_function), HIGH(_null_function), UPPER(_null_function)
01B8 0000 0000
01BC 0000 0000
01C0 0000 0000 00133         DB      LOW(_null_function), HIGH(_null_function), UPPER(_null_function), LOW(_null_function), HIGH(_null_function), UPPER(_null_function), LOW(_null_function), HIGH(_null_function), UPPER(_null_function), LOW(_null_function), HIGH(_null_function), UPPER(_null_function)
01C4 0000 0000
01C8 0000 0000
               00134 ; ; Starting pCode block for Ival
01CC           00135 _boot_ep_out_cfg1:
01CC 0000 0000 00136         DB      LOW(_ep0_init), HIGH(_ep0_init), UPPER(_ep0_init), LOW(_ep1_out), HIGH(_ep1_out), UPPER(_ep1_out), LOW(_null_function), HIGH(_null_function), UPPER(_null_function), LOW(_null_function), HIGH(_null_function), UPPER(_null_function)
01D0 0000 0000
01D4 0000 0000
01D8 0000 0000 00137         DB      LOW(_null_function), HIGH(_null_function), UPPER(_null_function), LOW(_null_function), HIGH(_null_function), UPPER(_null_function), LOW(_null_function), HIGH(_null_function), UPPER(_null_function), LOW(_null_function), HIGH(_null_function), UPPER(_null_function)
01DC 0000 0000
01E0 0000 0000
gpasm-0.13.4 beta               usb_descriptors.asm7-27-2012  21:36:14          PAGE  5


LOC  OBJECT CODE     LINE SOURCE TEXT
  VALUE
 
01E4 0000 0000 00138         DB      LOW(_null_function), HIGH(_null_function), UPPER(_null_function), LOW(_null_function), HIGH(_null_function), UPPER(_null_function), LOW(_null_function), HIGH(_null_function), UPPER(_null_function), LOW(_null_function), HIGH(_null_function), UPPER(_null_function)
01E8 0000 0000
01EC 0000 0000
01F0 0000 0000 00139         DB      LOW(_null_function), HIGH(_null_function), UPPER(_null_function), LOW(_null_function), HIGH(_null_function), UPPER(_null_function), LOW(_null_function), HIGH(_null_function), UPPER(_null_function), LOW(_null_function), HIGH(_null_function), UPPER(_null_function)
01F4 0000 0000
01F8 0000 0000
               00140 ; ; Starting pCode block for Ival
01FC           00141 _boot_ep_out:
01FC 0000 0000 00142         DB      LOW(_boot_ep_out_cfg0), HIGH(_boot_ep_out_cfg0), UPPER(_boot_ep_out_cfg0), LOW(_boot_ep_out_cfg0), HIGH(_boot_ep_out_cfg0), UPPER(_boot_ep_out_cfg0), LOW(_boot_ep_out_cfg1), HIGH(_boot_ep_out_cfg1), UPPER(_boot_ep_out_cfg1)
0200 0000 0000
0204 0000
               00143 ; ; Starting pCode block for Ival
0206           00144 _boot_ep_setup_cfg:
0206 0000 0000 00145         DB      LOW(_ep0_setup), HIGH(_ep0_setup), UPPER(_ep0_setup), LOW(_null_function), HIGH(_null_function), UPPER(_null_function), LOW(_null_function), HIGH(_null_function), UPPER(_null_function), LOW(_null_function), HIGH(_null_function), UPPER(_null_function)
020A 0000 0000
020E 0000 0000
0212 0000 0000 00146         DB      LOW(_null_function), HIGH(_null_function), UPPER(_null_function), LOW(_null_function), HIGH(_null_function), UPPER(_null_function), LOW(_null_function), HIGH(_null_function), UPPER(_null_function), LOW(_null_function), HIGH(_null_function), UPPER(_null_function)
0216 0000 0000
021A 0000 0000
021E 0000 0000 00147         DB      LOW(_null_function), HIGH(_null_function), UPPER(_null_function), LOW(_null_function), HIGH(_null_function), UPPER(_null_function), LOW(_null_function), HIGH(_null_function), UPPER(_null_function), LOW(_null_function), HIGH(_null_function), UPPER(_null_function)
0222 0000 0000
0226 0000 0000
022A 0000 0000 00148         DB      LOW(_null_function), HIGH(_null_function), UPPER(_null_function), LOW(_null_function), HIGH(_null_function), UPPER(_null_function), LOW(_null_function), HIGH(_null_function), UPPER(_null_function), LOW(_null_function), HIGH(_null_function), UPPER(_null_function)
022E 0000 0000
0232 0000 0000
               00149 ; ; Starting pCode block for Ival
0236           00150 _boot_ep_setup:
0236 0000 0000 00151         DB      LOW(_boot_ep_setup_cfg), HIGH(_boot_ep_setup_cfg), UPPER(_boot_ep_setup_cfg), LOW(_boot_ep_setup_cfg), HIGH(_boot_ep_setup_cfg), UPPER(_boot_ep_setup_cfg), LOW(_boot_ep_setup_cfg), HIGH(_boot_ep_setup_cfg), UPPER(_boot_ep_setup_cfg)
023A 0000 0000
023E 0000
               00152 
               00153 
               00154 ; Statistics:
               00155 ; code size:      114 (0x0072) bytes ( 0.09%)
               00156 ;                  57 (0x0039) words
               00157 ; udata size:       0 (0x0000) bytes ( 0.00%)
               00158 ; access size:      0 (0x0000) bytes
               00159 
               00160 
gpasm-0.13.4 beta               usb_descriptors.asm7-27-2012  21:36:14          PAGE  6


SYMBOL TABLE
  LABEL                             VALUE 

__18F4550                         00000001
_boot_configuration_descriptor    00000044
_boot_default_cfg                 00000012
_boot_device_descriptor           00000000
_boot_ep_in                       00000192
_boot_ep_in_cfg0                  00000132
_boot_ep_in_cfg1                  00000162
_boot_ep_init                     00000128
_boot_ep_init_cfg0                000000C8
_boot_ep_init_cfg1                000000F8
_boot_ep_out                      000001FC
_boot_ep_out_cfg0                 0000019C
_boot_ep_out_cfg1                 000001CC
_boot_ep_setup                    00000236
_boot_ep_setup_cfg                00000206
_boot_flash_cfg                   00000024
_boot_string_descriptor           000000B6
_ep0_in                           00000000
_ep0_init                         00000000
_ep0_setup                        00000000
_ep1_init                         00000000
_ep1_out                          00000000
_ep2_in                           00000000
_ep2_init                         00000000
_null_function                    00000000
_section_descriptor               00000000
_str0                             0000004A
_str1                             0000004E
_str2                             00000074
_str3                             00000096
_str4                             0000009A
_str5                             000000AA


Errors   :       0
Warnings :       0 reported,       0 suppressed
Messages :       0 reported,       0 suppressed

